[16:32:51] [modloading-worker-0/INFO] ========================================
[16:32:51] [modloading-worker-0/INFO] Minecraft: 1.20.1
[16:32:51] [modloading-worker-0/INFO] Side: server
[16:32:51] [modloading-worker-0/INFO] Development: false
[16:32:51] [modloading-worker-0/INFO] Version: 12.1.725
[16:32:51] [modloading-worker-0/INFO] Loader:
[16:32:51] [modloading-worker-0/INFO] - Forge: 47.3.0
[16:32:51] [modloading-worker-0/INFO] Dependencies:
[16:32:51] [modloading-worker-0/INFO] - Cloth Config: 11.1.118
[16:32:51] [modloading-worker-0/INFO] - Architectury: 9.2.14
[16:32:51] [modloading-worker-0/INFO] Mixin: 0.8.5
[16:32:51] [modloading-worker-0/INFO] OS: Linux 5.15.153.1-microsoft-standard-WSL2 (amd64)
[16:32:51] [modloading-worker-0/INFO] Java: 21.0.3 (Eclipse Adoptium)
[16:32:51] [modloading-worker-0/INFO] ========================================
[16:32:51] [modloading-worker-0/INFO] Mods:
[16:32:51] [modloading-worker-0/INFO] - additional_lights: 2.1.7
[16:32:51] [modloading-worker-0/INFO] - additionallanterns: 1.1.1a
[16:32:51] [modloading-worker-0/INFO] - additionalstructures: 4.2.1
[16:32:51] [modloading-worker-0/INFO] - adhooks: 10.1.1.0
[16:32:51] [modloading-worker-0/INFO] - adorn: 5.0.1+1.20.1
[16:32:51] [modloading-worker-0/INFO] - advancednetherite: 2.1.3
[16:32:51] [modloading-worker-0/INFO] - advancementplaques: 1.5.1
[16:32:51] [modloading-worker-0/INFO] - aiimprovements: 0.5.2
[16:32:51] [modloading-worker-0/INFO] - alexscaves: 1.1.4
[16:32:51] [modloading-worker-0/INFO] - alexsmobs: 1.22.8
[16:32:51] [modloading-worker-0/INFO] - ambientenvironment: 11.0.0.1
[16:32:51] [modloading-worker-0/INFO] - amendments: 1.20-1.2.8
[16:32:51] [modloading-worker-0/INFO] - animal_armor_trims: 1.0.0
[16:32:51] [modloading-worker-0/INFO] - aquaculture: 2.5.1
[16:32:51] [modloading-worker-0/INFO] - architectury: 9.2.14
[16:32:51] [modloading-worker-0/INFO] - attributefix: 21.0.4
[16:32:51] [modloading-worker-0/INFO] - automessage: 2.2.0
[16:32:51] [modloading-worker-0/INFO] - awesomedungeon: 3.2.0
[16:32:51] [modloading-worker-0/INFO] - awesomedungeonend: 3.1.1
[16:32:51] [modloading-worker-0/INFO] - awesomedungeonnether: 3.1.1
[16:32:51] [modloading-worker-0/INFO] - awesomedungeonocean: 3.3.0
[16:32:51] [modloading-worker-0/INFO] - bagus_lib: 1.20.1-4.6.0
[16:32:51] [modloading-worker-0/INFO] - balm: 7.3.6
[16:32:51] [modloading-worker-0/INFO] - bambooeverything: 3.0.3+mc1.20.1
[16:32:51] [modloading-worker-0/INFO] - barteringstation: 8.0.0
[16:32:51] [modloading-worker-0/INFO] - betteranimationscollection: 8.0.0
[16:32:51] [modloading-worker-0/INFO] - betterarcheology: 1.1.9-1.20.1
[16:32:51] [modloading-worker-0/INFO] - betterburning: 9.0.2
[16:32:51] [modloading-worker-0/INFO] - betterchunkloading: 1.20.1-4.3
[16:32:51] [modloading-worker-0/INFO] - betterdeserttemples: 1.20-Forge-3.0.3
[16:32:51] [modloading-worker-0/INFO] - betterdungeons: 1.20-Forge-4.0.4
[16:32:51] [modloading-worker-0/INFO] - betterendisland: 1.20-Forge-2.0.6
[16:32:51] [modloading-worker-0/INFO] - betterfortresses: 1.20-Forge-2.0.6
[16:32:51] [modloading-worker-0/INFO] - betterjungletemples: 1.20-Forge-2.0.5
[16:32:51] [modloading-worker-0/INFO] - bettermineshafts: 1.20-Forge-4.0.4
[16:32:51] [modloading-worker-0/INFO] - betteroceanmonuments: 1.20-Forge-3.0.4
[16:32:51] [modloading-worker-0/INFO] - betterstrongholds: 1.20-Forge-4.0.3
[16:32:51] [modloading-worker-0/INFO] - betterwitchhuts: 1.20-Forge-3.0.3
[16:32:51] [modloading-worker-0/INFO] - biomesoplenty: 18.0.0.592
[16:32:51] [modloading-worker-0/INFO] - bonetorch: 1.0.0
[16:32:51] [modloading-worker-0/INFO] - bookshelf: 20.2.13
[16:32:51] [modloading-worker-0/INFO] - bountiful: 6.0.3+1.20.1
[16:32:51] [modloading-worker-0/INFO] - breedablekillerrabbit: 3.5
[16:32:51] [modloading-worker-0/INFO] - burgermod: 2.9.4
[16:32:51] [modloading-worker-0/INFO] - camera: 1.20.1-1.0.6
[16:32:51] [modloading-worker-0/INFO] - carryon: 2.1.2.7
[16:32:51] [modloading-worker-0/INFO] - catalogue: 1.8.0
[16:32:51] [modloading-worker-0/INFO] - cfm: 7.0.0-pre36
[16:32:51] [modloading-worker-0/INFO] - chas: 1.20
[16:32:51] [modloading-worker-0/INFO] - chat_heads: 0.12.6
[16:32:51] [modloading-worker-0/INFO] - chunksending: 1.20.1-2.8
[16:32:51] [modloading-worker-0/INFO] - chunky: 1.3.146
[16:32:51] [modloading-worker-0/INFO] - citadel: 2.5.4
[16:32:51] [modloading-worker-0/INFO] - cloth_config: 11.1.118
[16:32:51] [modloading-worker-0/INFO] - clumps: 12.0.0.4
[16:32:51] [modloading-worker-0/INFO] - collective: 7.70
[16:32:51] [modloading-worker-0/INFO] - colorize: 1.9.0
[16:32:51] [modloading-worker-0/INFO] - colourfulearth: 1.20.1-2.1
[16:32:51] [modloading-worker-0/INFO] - colourfulgoats: 1.20.1-1.3
[16:32:51] [modloading-worker-0/INFO] - comforts: 6.3.5+1.20.1
[16:32:51] [modloading-worker-0/INFO] - connectedglass: 1.1.11
[16:32:51] [modloading-worker-0/INFO] - connectivity: 1.20.1-5.5
[16:32:51] [modloading-worker-0/INFO] - corail_woodcutter: 3.0.4
[16:32:51] [modloading-worker-0/INFO] - cosmeticarmorreworked: 1.20.1-v1a
[16:32:51] [modloading-worker-0/INFO] - crabclaws: 1.1.1
[16:32:51] [modloading-worker-0/INFO] - craftingtweaks: 18.2.4
[16:32:51] [modloading-worker-0/INFO] - creativecore: 2.11.30
[16:32:51] [modloading-worker-0/INFO] - croptopia: 3.0.4
[16:32:51] [modloading-worker-0/INFO] - ctov: 3.4.4
[16:32:51] [modloading-worker-0/INFO] - cupboard: 1.20.1-2.7
[16:32:51] [modloading-worker-0/INFO] - cyclepaintings: 3.5
[16:32:51] [modloading-worker-0/INFO] - dangerclose: 3.0.2
[16:32:51] [modloading-worker-0/INFO] - despawningeggshatch: 4.3
[16:32:51] [modloading-worker-0/INFO] - diagonalblocks: 8.0.5
[16:32:51] [modloading-worker-0/INFO] - diagonalfences: 8.1.4
[16:32:51] [modloading-worker-0/INFO] - doubledoors: 5.7
[16:32:51] [modloading-worker-0/INFO] - dungeons_arise: 2.1.58-1.20.x
[16:32:51] [modloading-worker-0/INFO] - dustrial_decor: 1.3.2
[16:32:51] [modloading-worker-0/INFO] - dynamiclights: 1.20.1.2
[16:32:51] [modloading-worker-0/INFO] - eatanomelette: 1.4.0
[16:32:51] [modloading-worker-0/INFO] - embeddium: 0.3.19+mc1.20.1
[16:32:51] [modloading-worker-0/INFO] - emojiful: 4.2.0
[16:32:51] [modloading-worker-0/INFO] - enchantwithmob: 1.20.1-11.12.0
[16:32:51] [modloading-worker-0/INFO] - enderpack: 2.0.1
[16:32:51] [modloading-worker-0/INFO] - epherolib: 0.1.2
[16:32:51] [modloading-worker-0/INFO] - epicpowerbracelets: 1.0.0
[16:32:51] [modloading-worker-0/INFO] - exclusive_weapons_armor_and_tools: 3.0.0
[16:32:51] [modloading-worker-0/INFO] - explorerscompass: 1.20.1-1.3.3-forge
[16:32:51] [modloading-worker-0/INFO] - fallingtree: 4.3.4
[16:32:51] [modloading-worker-0/INFO] - fastasyncworldsave: 1.20.1-2.0
[16:32:51] [modloading-worker-0/INFO] - fastsuite: 5.0.1
[16:32:51] [modloading-worker-0/INFO] - ferritecore: 6.0.1
[16:32:51] [modloading-worker-0/INFO] - fishofthieves: 3.0.5
[16:32:51] [modloading-worker-0/INFO] - forge: 47.3.0
[16:32:51] [modloading-worker-0/INFO] - forgeendertech: 11.1.4.0
[16:32:51] [modloading-worker-0/INFO] - fpsreducer: 1.20-2.5
[16:32:51] [modloading-worker-0/INFO] - fusion: 1.1.1
[16:32:51] [modloading-worker-0/INFO] - geckolib: 4.4.7
[16:32:51] [modloading-worker-0/INFO] - goldenfoods: 2.3.0
[16:32:51] [modloading-worker-0/INFO] - handcrafted: 3.0.6
[16:32:51] [modloading-worker-0/INFO] - healthywater: 1.20.1-forge-1.0.0
[16:32:51] [modloading-worker-0/INFO] - hunters_return: 1.20.1-11.4.7
[16:32:51] [modloading-worker-0/INFO] - iceberg: 1.1.21
[16:32:51] [modloading-worker-0/INFO] - insanelib: 1.13.5
[16:32:51] [modloading-worker-0/INFO] - inventoryessentials: 8.2.6
[16:32:51] [modloading-worker-0/INFO] - inventorytotem: 3.2
[16:32:51] [modloading-worker-0/INFO] - iron_ender_chests: 1.20-1.0.3
[16:32:51] [modloading-worker-0/INFO] - ironchest: 1.20.1-14.4.4
[16:32:51] [modloading-worker-0/INFO] - jade: 11.9.2+forge
[16:32:51] [modloading-worker-0/INFO] - jei: 15.9999
[16:32:51] [modloading-worker-0/INFO] - journeymap: 5.10.0
[16:32:51] [modloading-worker-0/INFO] - kambrik: 6.1.1+1.20.1
[16:32:51] [modloading-worker-0/INFO] - kleeslabs: 15.0.0
[16:32:51] [modloading-worker-0/INFO] - konkrete: 1.8.0
[16:32:51] [modloading-worker-0/INFO] - kotlinforforge: 4.11.0
[16:32:51] [modloading-worker-0/INFO] - kuma_api: 20.1.8
[16:32:51] [modloading-worker-0/INFO] - lapisreserve: 1.0.8F
[16:32:51] [modloading-worker-0/INFO] - libipn: 4.0.2
[16:32:51] [modloading-worker-0/INFO] - libraryferret: 4.0.0
[16:32:51] [modloading-worker-0/INFO] - lithostitched: 1.1.5
[16:32:51] [modloading-worker-0/INFO] - loadingbackgrounds: 1.5.0
[16:32:51] [modloading-worker-0/INFO] - loadmyresources: 1.0.4
[16:32:51] [modloading-worker-0/INFO] - macawsbridgesbop: 1.20-1.3
[16:32:51] [modloading-worker-0/INFO] - macawsroofsbop: 1.20-1.0
[16:32:51] [modloading-worker-0/INFO] - magistuarmory: 9.8
[16:32:51] [modloading-worker-0/INFO] - mavapi: 1.1.4
[16:32:51] [modloading-worker-0/INFO] - mavm: 1.2.6
[16:32:51] [modloading-worker-0/INFO] - mca: 7.5.18+1.20.1
[16:32:51] [modloading-worker-0/INFO] - mcwbridges: 3.0.0
[16:32:51] [modloading-worker-0/INFO] - mcwdoors: 1.1.1
[16:32:51] [modloading-worker-0/INFO] - mcwfences: 1.1.2
[16:32:51] [modloading-worker-0/INFO] - mcwfencesbop: 1.20-1.1
[16:32:51] [modloading-worker-0/INFO] - mcwfurnitures: 3.2.2
[16:32:51] [modloading-worker-0/INFO] - mcwfurnituresbop: 1.20-1.1
[16:32:51] [modloading-worker-0/INFO] - mcwlights: 1.1.0
[16:32:51] [modloading-worker-0/INFO] - mcwpaintings: 1.0.5
[16:32:51] [modloading-worker-0/INFO] - mcwpaths: 1.0.5
[16:32:51] [modloading-worker-0/INFO] - mcwroofs: 2.3.0
[16:32:51] [modloading-worker-0/INFO] - mcwtrpdoors: 1.1.3
[16:32:51] [modloading-worker-0/INFO] - mcwwindows: 2.2.1
[16:32:51] [modloading-worker-0/INFO] - medieval_buildings: 1.0.2
[16:32:51] [modloading-worker-0/INFO] - medievalend: 1.0.1
[16:32:51] [modloading-worker-0/INFO] - melody: 1.0.2
[16:32:51] [modloading-worker-0/INFO] - memorysettings: 1.20.1-5.4
[16:32:51] [modloading-worker-0/INFO] - minecraft: 1.20.1
[16:32:51] [modloading-worker-0/INFO] - mixinextras: 0.3.6
[16:32:51] [modloading-worker-0/INFO] - mixinsquared: 0.1.1
[16:32:51] [modloading-worker-0/INFO] - mobdropsrecipes_end: 1.0.1
[16:32:51] [modloading-worker-0/INFO] - mobdropsrecipes_nether: 1.0.1
[16:32:51] [modloading-worker-0/INFO] - mobdropsrecipes_overworld: 2.0.0
[16:32:51] [modloading-worker-0/INFO] - modernfix: 5.18.1+mc1.20.1
[16:32:51] [modloading-worker-0/INFO] - monolib: 1.3.0
[16:32:51] [modloading-worker-0/INFO] - moonlight: 1.20-2.12.6
[16:32:51] [modloading-worker-0/INFO] - mooshroomtweaks: 3.4
[16:32:51] [modloading-worker-0/INFO] - more_beautiful_torches: 3.0.0
[16:32:51] [modloading-worker-0/INFO] - morebowsandarrows: 3.0.1
[16:32:51] [modloading-worker-0/INFO] - moreconcrete: 1.4.7
[16:32:51] [modloading-worker-0/INFO] - moremobvariants: 1.3.0.1
[16:32:51] [modloading-worker-0/INFO] - moreusefulcopper: 1.0.0
[16:32:51] [modloading-worker-0/INFO] - morevanillaarmor: 1.20.1-5.1.2
[16:32:51] [modloading-worker-0/INFO] - mutantmonsters: 8.0.7
[16:32:51] [modloading-worker-0/INFO] - myserveriscompatible: 1.0
[16:32:51] [modloading-worker-0/INFO] - nature_arise: 0.8.1b
[16:32:51] [modloading-worker-0/INFO] - naturescompass: 1.20.1-1.11.2-forge
[16:32:51] [modloading-worker-0/INFO] - netherdepthsupgrade: 3.1.5-1.20
[16:32:51] [modloading-worker-0/INFO] - newshieldvariants: 1.2.0
[16:32:51] [modloading-worker-0/INFO] - newslabvariants: 2.1.0
[16:32:51] [modloading-worker-0/INFO] - nochatreports: 1.20.1-v2.2.2
[16:32:51] [modloading-worker-0/INFO] - patchouli: 1.20.1-84-FORGE
[16:32:51] [modloading-worker-0/INFO] - placebo: 8.6.2
[16:32:51] [modloading-worker-0/INFO] - playerrevive: 2.0.25
[16:32:51] [modloading-worker-0/INFO] - polymorph: 0.49.5+1.20.1
[16:32:51] [modloading-worker-0/INFO] - progressivebosses: 3.9.7-mc1.20.1
[16:32:51] [modloading-worker-0/INFO] - prometheus_exporter: 1.0.0
[16:32:51] [modloading-worker-0/INFO] - puzzlesaccessapi: 8.0.7
[16:32:51] [modloading-worker-0/INFO] - puzzleslib: 8.1.21
[16:32:51] [modloading-worker-0/INFO] - radium: 0.12.3+git.50c5c33
[16:32:51] [modloading-worker-0/INFO] - rei_plugin_compatibilities: 12.0.93
[16:32:51] [modloading-worker-0/INFO] - repurposed_structures: 7.1.15+1.20.1-forge
[16:32:51] [modloading-worker-0/INFO] - resourcefullib: 2.1.25
[16:32:51] [modloading-worker-0/INFO] - rightclickharvest: 3.2.3+1.20.1-forge
[16:32:51] [modloading-worker-0/INFO] - roughlyenoughitems: 12.1.725
[16:32:51] [modloading-worker-0/INFO] - roughlyenoughprofessions: 2.0.2
[16:32:51] [modloading-worker-0/INFO] - roughlyenoughresources: 2.9.0
[16:32:51] [modloading-worker-0/INFO] - rubidium: 0.7.1
[16:32:51] [modloading-worker-0/INFO] - securitycraft: 1.9.10
[16:32:51] [modloading-worker-0/INFO] - sereneseasons: 9.0.0.46
[16:32:51] [modloading-worker-0/INFO] - shulkerbox: 1.20.1-1.0.1
[16:32:51] [modloading-worker-0/INFO] - simplylight: 1.20.1-1.4.6-build.50
[16:32:51] [modloading-worker-0/INFO] - sit: 1.3.5
[16:32:51] [modloading-worker-0/INFO] - skeletonhorsespawn: 3.8
[16:32:51] [modloading-worker-0/INFO] - sleeping_bags: 1.20.1-1.0.8
[16:32:51] [modloading-worker-0/INFO] - smoothchunk: 1.20.1-3.6
[16:32:51] [modloading-worker-0/INFO] - snowundertrees: 1.4.4
[16:32:51] [modloading-worker-0/INFO] - snowyspirit: 1.20-3.0.6
[16:32:51] [modloading-worker-0/INFO] - snuffles: 1.0.7
[16:32:51] [modloading-worker-0/INFO] - sophisticatedbackpacks: 3.20.5.1044
[16:32:51] [modloading-worker-0/INFO] - sophisticatedcore: 0.6.22.611
[16:32:51] [modloading-worker-0/INFO] - spark: 1.10.53
[16:32:51] [modloading-worker-0/INFO] - spectrelib: 0.13.15+1.20.1
[16:32:51] [modloading-worker-0/INFO] - splash_milk: 2.1.0
[16:32:51] [modloading-worker-0/INFO] - stackablestewandsoup: 1.3.0
[16:32:51] [modloading-worker-0/INFO] - stackrefill: 4.4
[16:32:51] [modloading-worker-0/INFO] - starterkit: 7.0
[16:32:51] [modloading-worker-0/INFO] - startinv: 1.0.0
[16:32:51] [modloading-worker-0/INFO] - structureessentials: 1.20.1-3.4
[16:32:51] [modloading-worker-0/INFO] - super_ore_block: 6.0.0
[16:32:51] [modloading-worker-0/INFO] - supermartijn642corelib: 1.1.17
[16:32:51] [modloading-worker-0/INFO] - supplementaries: 1.20-2.8.17
[16:32:51] [modloading-worker-0/INFO] - terrablender: 3.0.1.7
[16:32:51] [modloading-worker-0/INFO] - timeondisplay: 2.0.0
[16:32:51] [modloading-worker-0/INFO] - tinyskeletons: 8.0.1
[16:32:51] [modloading-worker-0/INFO] - toastcontrol: 8.0.3
[16:32:51] [modloading-worker-0/INFO] - tombstone: 8.6.6
[16:32:51] [modloading-worker-0/INFO] - trade_cycling: 1.20.1-1.0.7
[16:32:51] [modloading-worker-0/INFO] - tradingpost: 8.0.2
[16:32:51] [modloading-worker-0/INFO] - travelersbackpack: 9.1.14
[16:32:51] [modloading-worker-0/INFO] - trimeffects: 1.3.2
[16:32:51] [modloading-worker-0/INFO] - tumbleweed: 0.5.5
[16:32:51] [modloading-worker-0/INFO] - undergarden: 0.8.14
[16:32:51] [modloading-worker-0/INFO] - universalbonemeal: 8.0.1
[16:32:51] [modloading-worker-0/INFO] - unpaused: 1.20.1-forge-1.0.1
[16:32:51] [modloading-worker-0/INFO] - vanilla_degus: 1.5.1
[16:32:51] [modloading-worker-0/INFO] - vanillaplustools: 1.20-1.0
[16:32:51] [modloading-worker-0/INFO] - veinmining: 1.5.0+1.20.1
[16:32:51] [modloading-worker-0/INFO] - visuality: 2.0.2
[16:32:51] [modloading-worker-0/INFO] - visualworkbench: 8.0.0
[16:32:51] [modloading-worker-0/INFO] - voicechat: 1.20.1-2.5.18
[16:32:51] [modloading-worker-0/INFO] - waddles: 0.9.4
[16:32:51] [modloading-worker-0/INFO] - waystones: 14.1.4
[16:32:51] [modloading-worker-0/INFO] - weaponmaster_ydm: 4.2.3
[16:32:51] [modloading-worker-0/INFO] - wider_ender_chests: 1.0.2
[16:32:51] [modloading-worker-0/INFO] - woodenshears: 1.20.1-1.5.0.0
[16:32:51] [modloading-worker-0/INFO] - xenon: 0.3.19+mc1.20.1
[16:32:51] [modloading-worker-0/INFO] - xpbook: 2.2.1
[16:32:51] [modloading-worker-0/INFO] - yungsapi: 1.20-Forge-4.0.5
[16:32:51] [modloading-worker-0/INFO] - yungsbridges: 1.20-Forge-4.0.3
[16:32:51] [modloading-worker-0/INFO] - yungsextras: 1.20-Forge-4.0.3
[16:32:51] [modloading-worker-0/INFO] ========================================
[16:32:51] [modloading-worker-0/INFO] [REI] Registered plugin provider AdornReiServerForge [adorn] for REIPlugin
[16:32:51] [modloading-worker-0/INFO] [REI] Registered plugin provider ReiCompat [travelersbackpack] for REIPlugin
[16:32:51] [modloading-worker-0/INFO] [REI] Registered plugin provider DefaultPluginImpl [roughlyenoughitems] for REIServerPlugin
[16:32:51] [modloading-worker-0/INFO] [REI] Registered plugin provider DefaultPluginImpl [roughlyenoughitems] for REIPlugin
[16:32:51] [modloading-worker-0/INFO] [REI] Registered plugin provider DefaultRuntimePlugin [roughlyenoughitems] for REIServerPlugin
[16:32:51] [modloading-worker-0/INFO] [REI] Registered plugin provider DefaultRuntimePlugin [roughlyenoughitems] for REIPlugin
[16:32:51] [modloading-worker-0/INFO] [REI] Registered plugin provider AdornReiServerForge [adorn] for REIServerPlugin
[16:32:51] [modloading-worker-0/INFO] [REI] Registered plugin provider ReiCompat [travelersbackpack] for REIServerPlugin
[16:33:19] [Worker-Main-1/DEBUG] [REI] Processed 2 tags in 3.120 ms for minecraft:cat_variant
[16:33:19] [Worker-Main-1/DEBUG] [REI] Processed 1 tags in 20.59 μs for minecraft:devilfish_variant
[16:33:19] [Worker-Main-1/DEBUG] [REI] Processed 0 tags in 6.613 μs for moonlight:soft_fluids
[16:33:19] [Worker-Main-1/DEBUG] [REI] Processed 1 tags in 17.87 μs for minecraft:pondie_variant
[16:33:19] [Worker-Main-1/DEBUG] [REI] Processed 30 tags in 67.81 μs for minecraft:banner_pattern
[16:33:19] [Worker-Main-1/DEBUG] [REI] Processed 3 tags in 21.33 μs for minecraft:instrument
[16:33:19] [Worker-Main-1/DEBUG] [REI] Processed 9 tags in 465.4 μs for minecraft:fluid
[16:33:19] [Worker-Main-1/DEBUG] [REI] Processed 0 tags in 110.6 μs for minecraft:worldgen/biome
[16:33:19] [Worker-Main-1/DEBUG] [REI] Processed 1 tags in 13.27 μs for minecraft:potion
[16:33:19] [Worker-Main-1/DEBUG] [REI] Processed 1 tags in 28.07 μs for minecraft:plentifin_variant
[16:33:19] [Worker-Main-1/DEBUG] [REI] Processed 0 tags in 29.95 μs for minecraft:damage_type
[16:33:19] [Worker-Main-1/DEBUG] [REI] Processed 1 tags in 41.52 μs for minecraft:ancientscale_variant
[16:33:19] [Worker-Main-1/DEBUG] [REI] Processed 2 tags in 60.82 μs for minecraft:painting_variant
[16:33:19] [Worker-Main-1/DEBUG] [REI] Processed 1 tags in 35.06 μs for minecraft:battlegill_variant
[16:33:20] [Worker-Main-1/DEBUG] [REI] Processed 1616 tags in 14.93 ms for minecraft:item
[16:33:20] [Worker-Main-1/DEBUG] [REI] Processed 0 tags in 7.183 μs for minecraft:worldgen/world_preset
[16:33:20] [Worker-Main-1/DEBUG] [REI] Processed 1 tags in 17.82 μs for minecraft:wrecker_variant
[16:33:20] [Worker-Main-1/DEBUG] [REI] Processed 5 tags in 72.58 μs for minecraft:game_event
[16:33:20] [Worker-Main-1/DEBUG] [REI] Processed 1 tags in 17.60 μs for minecraft:stormfish_variant
[16:33:20] [Worker-Main-1/DEBUG] [REI] Processed 0 tags in 11.24 μs for minecraft:worldgen/flat_level_generator_preset
[16:33:20] [Worker-Main-1/DEBUG] [REI] Processed 89 tags in 253.4 μs for minecraft:entity_type
[16:33:20] [Worker-Main-1/DEBUG] [REI] Processed 0 tags in 8.467 μs for minecraft:worldgen/structure_set
[16:33:20] [Worker-Main-1/DEBUG] [REI] Processed 1 tags in 26.78 μs for minecraft:wildsplash_variant
[16:33:20] [Worker-Main-1/DEBUG] [REI] Processed 1 tags in 17.37 μs for minecraft:splashtail_variant
[16:33:21] [Worker-Main-1/DEBUG] [REI] Processed 742 tags in 34.61 ms for minecraft:block
[16:33:21] [Worker-Main-1/DEBUG] [REI] Processed 0 tags in 8.496 μs for minecraft:dimension_type
[16:33:21] [Worker-Main-1/DEBUG] [REI] Processed 1 tags in 34.38 μs for minecraft:enchantment
[16:33:21] [Worker-Main-1/DEBUG] [REI] Processed 1 tags in 15.53 μs for minecraft:mob_effect
[16:33:21] [Worker-Main-1/DEBUG] [REI] Processed 3 tags in 780.2 μs for minecraft:point_of_interest_type
[16:33:21] [Worker-Main-1/DEBUG] [REI] Processed 0 tags in 21.74 μs for minecraft:worldgen/structure
[16:33:21] [Worker-Main-1/DEBUG] [REI] Processed 1 tags in 18.96 μs for minecraft:islehopper_variant
[16:33:34] [main/DEBUG] [REI] ========================================
[16:33:34] [main/DEBUG] [REI] REIPlugin starting pre-reload for START.
[16:33:34] [main/DEBUG] [REI] Reloadables (7):
[16:33:34] [main/DEBUG] [REI]  - EntryTypeRegistryImpl
[16:33:34] [main/DEBUG] [REI]  - EntrySettingsAdapterRegistryImpl
[16:33:34] [main/DEBUG] [REI]  - RecipeManagerContextImpl
[16:33:34] [main/DEBUG] [REI]  - ItemComparatorRegistryImpl
[16:33:34] [main/DEBUG] [REI]  - FluidComparatorRegistryImpl
[16:33:34] [main/DEBUG] [REI]  - DisplaySerializerRegistryImpl
[16:33:34] [main/DEBUG] [REI]  - FluidSupportProviderImpl
[16:33:34] [main/DEBUG] [REI] Plugins (4):
[16:33:34] [main/DEBUG] [REI]  - (-100.00) DefaultPluginImpl of DefaultPluginImpl [roughlyenoughitems]
[16:33:34] [main/DEBUG] [REI]  - (0.00) DefaultRuntimePlugin of DefaultRuntimePlugin [roughlyenoughitems]
[16:33:34] [main/DEBUG] [REI]  - (0.00) ReiCompat of ReiCompat [travelersbackpack]
[16:33:34] [main/DEBUG] [REI]  - (0.00) AdornReiServerForge of AdornReiServerForge [adorn]
[16:33:34] [main/DEBUG] [REI] ========================================
[16:33:34] [main/TRACE] [REI] [REIPlugin START] Reloading Section: "pre-register/"
[16:33:34] [main/TRACE] [REI] [REIPlugin START] Reloading Section: "pre-register/DefaultPluginImpl of DefaultPluginImpl [roughlyenoughitems]/"
[16:33:34] [main/TRACE] [REI] [REIPlugin START] Reloading Section: "pre-register/DefaultPluginImpl of DefaultPluginImpl [roughlyenoughitems]/" done in 1.745 ms
[16:33:34] [main/TRACE] [REI] [REIPlugin START] Reloading Section: "pre-register/DefaultRuntimePlugin of DefaultRuntimePlugin [roughlyenoughitems]/"
[16:33:34] [main/TRACE] [REI] [REIPlugin START] Reloading Section: "pre-register/DefaultRuntimePlugin of DefaultRuntimePlugin [roughlyenoughitems]/" done in 8.827 μs
[16:33:34] [main/TRACE] [REI] [REIPlugin START] Reloading Section: "pre-register/ReiCompat of ReiCompat [travelersbackpack]/"
[16:33:34] [main/TRACE] [REI] [REIPlugin START] Reloading Section: "pre-register/ReiCompat of ReiCompat [travelersbackpack]/" done in 8.136 μs
[16:33:34] [main/TRACE] [REI] [REIPlugin START] Reloading Section: "pre-register/AdornReiServerForge of AdornReiServerForge [adorn]/"
[16:33:34] [main/TRACE] [REI] [REIPlugin START] Reloading Section: "pre-register/AdornReiServerForge of AdornReiServerForge [adorn]/" done in 5.881 μs
[16:33:34] [main/TRACE] [REI] [REIPlugin START] Reloading Section: "pre-register/" done in 21.96 ms
[16:33:34] [main/TRACE] [REI] [REIPlugin START] Reloading Section: "pre-stage/"
[16:33:34] [main/TRACE] [REI] [REIPlugin START] Reloading Section: "pre-stage/EntryTypeRegistryImpl/"
[16:33:34] [main/TRACE] [REI] [REIPlugin START] Reloading Section: "pre-stage/EntryTypeRegistryImpl/" done in 130.0 μs
[16:33:34] [main/TRACE] [REI] [REIPlugin START] Reloading Section: "pre-stage/EntrySettingsAdapterRegistryImpl/"
[16:33:34] [main/TRACE] [REI] [REIPlugin START] Reloading Section: "pre-stage/EntrySettingsAdapterRegistryImpl/" done in 6.723 μs
[16:33:34] [main/TRACE] [REI] [REIPlugin START] Reloading Section: "pre-stage/RecipeManagerContextImpl/"
[16:33:34] [main/TRACE] [REI] [REIPlugin START] Reloading Section: "pre-stage/RecipeManagerContextImpl/" done in 5.049 μs
[16:33:34] [main/TRACE] [REI] [REIPlugin START] Reloading Section: "pre-stage/ItemComparatorRegistryImpl/"
[16:33:34] [main/TRACE] [REI] [REIPlugin START] Reloading Section: "pre-stage/ItemComparatorRegistryImpl/" done in 14.73 μs
[16:33:34] [main/TRACE] [REI] [REIPlugin START] Reloading Section: "pre-stage/FluidComparatorRegistryImpl/"
[16:33:34] [main/TRACE] [REI] [REIPlugin START] Reloading Section: "pre-stage/FluidComparatorRegistryImpl/" done in 6.072 μs
[16:33:34] [main/TRACE] [REI] [REIPlugin START] Reloading Section: "pre-stage/DisplaySerializerRegistryImpl/"
[16:33:34] [main/TRACE] [REI] [REIPlugin START] Reloading Section: "pre-stage/DisplaySerializerRegistryImpl/" done in 5.170 μs
[16:33:34] [main/TRACE] [REI] [REIPlugin START] Reloading Section: "pre-stage/FluidSupportProviderImpl/"
[16:33:34] [main/TRACE] [REI] [REIPlugin START] Reloading Section: "pre-stage/FluidSupportProviderImpl/" done in 6.963 μs
[16:33:34] [main/TRACE] [REI] [REIPlugin START] Reloading Section: "pre-stage/" done in 2.227 ms
[16:33:34] [main/DEBUG] [REI] ========================================
[16:33:34] [main/DEBUG] [REI] REIPlugin finished pre-reload for START in 27.54 ms.
[16:33:34] [main/DEBUG] [REI] ========================================
[16:33:34] [main/DEBUG] [REI] ========================================
[16:33:34] [main/DEBUG] [REI] REIServerPlugin starting pre-reload for START.
[16:33:34] [main/DEBUG] [REI] Reloadables (2):
[16:33:34] [main/DEBUG] [REI]  - MenuInfoRegistryImpl
[16:33:34] [main/DEBUG] [REI]  - SlotAccessorRegistryImpl
[16:33:34] [main/DEBUG] [REI] Plugins (4):
[16:33:34] [main/DEBUG] [REI]  - (-100.00) DefaultPluginImpl of DefaultPluginImpl [roughlyenoughitems]
[16:33:34] [main/DEBUG] [REI]  - (0.00) ReiCompat of ReiCompat [travelersbackpack]
[16:33:34] [main/DEBUG] [REI]  - (0.00) AdornReiServerForge of AdornReiServerForge [adorn]
[16:33:34] [main/DEBUG] [REI]  - (0.00) DefaultRuntimePlugin of DefaultRuntimePlugin [roughlyenoughitems]
[16:33:34] [main/DEBUG] [REI] ========================================
[16:33:34] [main/TRACE] [REI] [REIServerPlugin START] Reloading Section: "pre-register/"
[16:33:34] [main/TRACE] [REI] [REIServerPlugin START] Reloading Section: "pre-register/DefaultPluginImpl of DefaultPluginImpl [roughlyenoughitems]/"
[16:33:34] [main/TRACE] [REI] [REIServerPlugin START] Reloading Section: "pre-register/DefaultPluginImpl of DefaultPluginImpl [roughlyenoughitems]/" done in 179.3 μs
[16:33:34] [main/TRACE] [REI] [REIServerPlugin START] Reloading Section: "pre-register/ReiCompat of ReiCompat [travelersbackpack]/"
[16:33:34] [main/TRACE] [REI] [REIServerPlugin START] Reloading Section: "pre-register/ReiCompat of ReiCompat [travelersbackpack]/" done in 18.94 μs
[16:33:34] [main/TRACE] [REI] [REIServerPlugin START] Reloading Section: "pre-register/AdornReiServerForge of AdornReiServerForge [adorn]/"
[16:33:34] [main/TRACE] [REI] [REIServerPlugin START] Reloading Section: "pre-register/AdornReiServerForge of AdornReiServerForge [adorn]/" done in 7.665 μs
[16:33:34] [main/TRACE] [REI] [REIServerPlugin START] Reloading Section: "pre-register/DefaultRuntimePlugin of DefaultRuntimePlugin [roughlyenoughitems]/"
[16:33:34] [main/TRACE] [REI] [REIServerPlugin START] Reloading Section: "pre-register/DefaultRuntimePlugin of DefaultRuntimePlugin [roughlyenoughitems]/" done in 7.114 μs
[16:33:34] [main/TRACE] [REI] [REIServerPlugin START] Reloading Section: "pre-register/" done in 1.312 ms
[16:33:34] [main/TRACE] [REI] [REIServerPlugin START] Reloading Section: "pre-stage/"
[16:33:34] [main/TRACE] [REI] [REIServerPlugin START] Reloading Section: "pre-stage/MenuInfoRegistryImpl/"
[16:33:34] [main/TRACE] [REI] [REIServerPlugin START] Reloading Section: "pre-stage/MenuInfoRegistryImpl/" done in 5.351 μs
[16:33:34] [main/TRACE] [REI] [REIServerPlugin START] Reloading Section: "pre-stage/SlotAccessorRegistryImpl/"
[16:33:34] [main/TRACE] [REI] [REIServerPlugin START] Reloading Section: "pre-stage/SlotAccessorRegistryImpl/" done in 4.719 μs
[16:33:34] [main/TRACE] [REI] [REIServerPlugin START] Reloading Section: "pre-stage/" done in 493.0 μs
[16:33:34] [main/DEBUG] [REI] ========================================
[16:33:34] [main/DEBUG] [REI] REIServerPlugin finished pre-reload for START in 2.244 ms.
[16:33:34] [main/DEBUG] [REI] ========================================
[16:33:34] [main/INFO] [REI] ~~~~~~~~~~~~~~~~~~~~~~~~~~~~~~~~~~~~~~~~
[16:33:34] [main/INFO] [REI] REIPlugin starting main-reload for START.
[16:33:34] [main/DEBUG] [REI] Reloadables (7):
[16:33:34] [main/DEBUG] [REI]  - EntryTypeRegistryImpl
[16:33:34] [main/DEBUG] [REI]  - EntrySettingsAdapterRegistryImpl
[16:33:34] [main/DEBUG] [REI]  - RecipeManagerContextImpl
[16:33:34] [main/DEBUG] [REI]  - ItemComparatorRegistryImpl
[16:33:34] [main/DEBUG] [REI]  - FluidComparatorRegistryImpl
[16:33:34] [main/DEBUG] [REI]  - DisplaySerializerRegistryImpl
[16:33:34] [main/DEBUG] [REI]  - FluidSupportProviderImpl
[16:33:34] [main/INFO] [REI] Plugins (4):
[16:33:34] [main/INFO] [REI]  - (-100.00) DefaultPluginImpl of DefaultPluginImpl [roughlyenoughitems]
[16:33:34] [main/INFO] [REI]  - (0.00) DefaultRuntimePlugin of DefaultRuntimePlugin [roughlyenoughitems]
[16:33:34] [main/INFO] [REI]  - (0.00) ReiCompat of ReiCompat [travelersbackpack]
[16:33:34] [main/INFO] [REI]  - (0.00) AdornReiServerForge of AdornReiServerForge [adorn]
[16:33:34] [main/INFO] [REI] ~~~~~~~~~~~~~~~~~~~~~~~~~~~~~~~~~~~~~~~~
[16:33:34] [main/TRACE] [REI] [REIPlugin START] Reloading Section: "start-reload/"
[16:33:34] [main/TRACE] [REI] [REIPlugin START] Reloading Section: "start-reload/EntryTypeRegistryImpl/"
[16:33:34] [main/TRACE] [REI] [REIPlugin START] Reloading Section: "start-reload/EntryTypeRegistryImpl/" done in 834.3 μs
[16:33:34] [main/TRACE] [REI] [REIPlugin START] Reloading Section: "start-reload/EntrySettingsAdapterRegistryImpl/"
[16:33:34] [main/TRACE] [REI] [REIPlugin START] Reloading Section: "start-reload/EntrySettingsAdapterRegistryImpl/" done in 9.047 μs
[16:33:34] [main/TRACE] [REI] [REIPlugin START] Reloading Section: "start-reload/RecipeManagerContextImpl/"
[16:33:34] [main/TRACE] [REI] [REIPlugin START] Reloading Section: "start-reload/RecipeManagerContextImpl/" done in 5.631 μs
[16:33:34] [main/TRACE] [REI] [REIPlugin START] Reloading Section: "start-reload/ItemComparatorRegistryImpl/"
[16:33:34] [main/TRACE] [REI] [REIPlugin START] Reloading Section: "start-reload/ItemComparatorRegistryImpl/" done in 37.28 μs
[16:33:34] [main/TRACE] [REI] [REIPlugin START] Reloading Section: "start-reload/FluidComparatorRegistryImpl/"
[16:33:34] [main/TRACE] [REI] [REIPlugin START] Reloading Section: "start-reload/FluidComparatorRegistryImpl/" done in 8.596 μs
[16:33:34] [main/TRACE] [REI] [REIPlugin START] Reloading Section: "start-reload/DisplaySerializerRegistryImpl/"
[16:33:34] [main/TRACE] [REI] [REIPlugin START] Reloading Section: "start-reload/DisplaySerializerRegistryImpl/" done in 5.561 μs
[16:33:34] [main/TRACE] [REI] [REIPlugin START] Reloading Section: "start-reload/FluidSupportProviderImpl/"
[16:33:34] [main/TRACE] [REI] [REIPlugin START] Reloading Section: "start-reload/FluidSupportProviderImpl/" done in 502.0 μs
[16:33:34] [main/TRACE] [REI] [REIPlugin START] Reloading Section: "start-reload/" done in 3.669 ms
[16:33:34] [main/DEBUG] [REI] ========================================
[16:33:34] [main/DEBUG] [REI] REIPlugin started main-reload for START.
[16:33:34] [main/DEBUG] [REI] ========================================
[16:33:34] [main/TRACE] [REI] [REIPlugin START] Reloading Section: "reloadable-plugin/EntryTypeRegistryImpl/"
[16:33:34] [main/TRACE] [REI] [REIPlugin START] Reloading Section: "reloadable-plugin/EntryTypeRegistryImpl/DefaultPluginImpl of DefaultPluginImpl [roughlyenoughitems]/"
[16:33:34] [main/TRACE] [REI] [REIPlugin START] Reloading Section: "reloadable-plugin/EntryTypeRegistryImpl/DefaultPluginImpl of DefaultPluginImpl [roughlyenoughitems]/" done in 131.0 μs
[16:33:34] [main/TRACE] [REI] [REIPlugin START] Reloading Section: "reloadable-plugin/EntryTypeRegistryImpl/DefaultRuntimePlugin of DefaultRuntimePlugin [roughlyenoughitems]/"
[16:33:34] [main/TRACE] [REI] [REIPlugin START] Reloading Section: "reloadable-plugin/EntryTypeRegistryImpl/DefaultRuntimePlugin of DefaultRuntimePlugin [roughlyenoughitems]/" done in 19.67 ms
[16:33:34] [main/TRACE] [REI] [REIPlugin START] Reloading Section: "reloadable-plugin/EntryTypeRegistryImpl/ReiCompat of ReiCompat [travelersbackpack]/"
[16:33:34] [main/TRACE] [REI] [REIPlugin START] Reloading Section: "reloadable-plugin/EntryTypeRegistryImpl/ReiCompat of ReiCompat [travelersbackpack]/" done in 24.55 μs
[16:33:34] [main/TRACE] [REI] [REIPlugin START] Reloading Section: "reloadable-plugin/EntryTypeRegistryImpl/AdornReiServerForge of AdornReiServerForge [adorn]/"
[16:33:34] [main/TRACE] [REI] [REIPlugin START] Reloading Section: "reloadable-plugin/EntryTypeRegistryImpl/AdornReiServerForge of AdornReiServerForge [adorn]/" done in 23.33 μs
[16:33:34] [main/TRACE] [REI] [REIPlugin START] Reloading Section: "reloadable-plugin/EntryTypeRegistryImpl/" done in 21.54 ms
[16:33:34] [main/TRACE] [REI] [REIPlugin START] Reloading Section: "reloadable-plugin/EntrySettingsAdapterRegistryImpl/"
[16:33:34] [main/TRACE] [REI] [REIPlugin START] Reloading Section: "reloadable-plugin/EntrySettingsAdapterRegistryImpl/DefaultPluginImpl of DefaultPluginImpl [roughlyenoughitems]/"
[16:33:34] [main/TRACE] [REI] [REIPlugin START] Reloading Section: "reloadable-plugin/EntrySettingsAdapterRegistryImpl/DefaultPluginImpl of DefaultPluginImpl [roughlyenoughitems]/" done in 9.698 μs
[16:33:34] [main/TRACE] [REI] [REIPlugin START] Reloading Section: "reloadable-plugin/EntrySettingsAdapterRegistryImpl/DefaultRuntimePlugin of DefaultRuntimePlugin [roughlyenoughitems]/"
[16:33:34] [main/TRACE] [REI] [REIPlugin START] Reloading Section: "reloadable-plugin/EntrySettingsAdapterRegistryImpl/DefaultRuntimePlugin of DefaultRuntimePlugin [roughlyenoughitems]/" done in 8.637 μs
[16:33:34] [main/TRACE] [REI] [REIPlugin START] Reloading Section: "reloadable-plugin/EntrySettingsAdapterRegistryImpl/ReiCompat of ReiCompat [travelersbackpack]/"
[16:33:34] [main/TRACE] [REI] [REIPlugin START] Reloading Section: "reloadable-plugin/EntrySettingsAdapterRegistryImpl/ReiCompat of ReiCompat [travelersbackpack]/" done in 8.867 μs
[16:33:34] [main/TRACE] [REI] [REIPlugin START] Reloading Section: "reloadable-plugin/EntrySettingsAdapterRegistryImpl/AdornReiServerForge of AdornReiServerForge [adorn]/"
[16:33:34] [main/TRACE] [REI] [REIPlugin START] Reloading Section: "reloadable-plugin/EntrySettingsAdapterRegistryImpl/AdornReiServerForge of AdornReiServerForge [adorn]/" done in 9.779 μs
[16:33:34] [main/TRACE] [REI] [REIPlugin START] Reloading Section: "reloadable-plugin/EntrySettingsAdapterRegistryImpl/" done in 1.308 ms
[16:33:34] [main/TRACE] [REI] [REIPlugin START] Reloading Section: "reloadable-plugin/RecipeManagerContextImpl/"
[16:33:34] [main/TRACE] [REI] [REIPlugin START] Reloading Section: "reloadable-plugin/RecipeManagerContextImpl/DefaultPluginImpl of DefaultPluginImpl [roughlyenoughitems]/"
[16:33:34] [main/TRACE] [REI] [REIPlugin START] Reloading Section: "reloadable-plugin/RecipeManagerContextImpl/DefaultPluginImpl of DefaultPluginImpl [roughlyenoughitems]/" done in 9.007 μs
[16:33:34] [main/TRACE] [REI] [REIPlugin START] Reloading Section: "reloadable-plugin/RecipeManagerContextImpl/DefaultRuntimePlugin of DefaultRuntimePlugin [roughlyenoughitems]/"
[16:33:34] [main/TRACE] [REI] [REIPlugin START] Reloading Section: "reloadable-plugin/RecipeManagerContextImpl/DefaultRuntimePlugin of DefaultRuntimePlugin [roughlyenoughitems]/" done in 20.32 μs
[16:33:34] [main/TRACE] [REI] [REIPlugin START] Reloading Section: "reloadable-plugin/RecipeManagerContextImpl/ReiCompat of ReiCompat [travelersbackpack]/"
[16:33:34] [main/TRACE] [REI] [REIPlugin START] Reloading Section: "reloadable-plugin/RecipeManagerContextImpl/ReiCompat of ReiCompat [travelersbackpack]/" done in 8.676 μs
[16:33:34] [main/TRACE] [REI] [REIPlugin START] Reloading Section: "reloadable-plugin/RecipeManagerContextImpl/AdornReiServerForge of AdornReiServerForge [adorn]/"
[16:33:34] [main/TRACE] [REI] [REIPlugin START] Reloading Section: "reloadable-plugin/RecipeManagerContextImpl/AdornReiServerForge of AdornReiServerForge [adorn]/" done in 7.274 μs
[16:33:34] [main/TRACE] [REI] [REIPlugin START] Reloading Section: "reloadable-plugin/RecipeManagerContextImpl/" done in 1.152 ms
[16:33:34] [main/TRACE] [REI] [REIPlugin START] Reloading Section: "reloadable-plugin/ItemComparatorRegistryImpl/"
[16:33:34] [main/TRACE] [REI] [REIPlugin START] Reloading Section: "reloadable-plugin/ItemComparatorRegistryImpl/DefaultPluginImpl of DefaultPluginImpl [roughlyenoughitems]/"
[16:33:34] [main/TRACE] [REI] [REIPlugin START] Reloading Section: "reloadable-plugin/ItemComparatorRegistryImpl/DefaultPluginImpl of DefaultPluginImpl [roughlyenoughitems]/" done in 1.917 ms
[16:33:34] [main/TRACE] [REI] [REIPlugin START] Reloading Section: "reloadable-plugin/ItemComparatorRegistryImpl/DefaultRuntimePlugin of DefaultRuntimePlugin [roughlyenoughitems]/"
[16:33:34] [main/TRACE] [REI] [REIPlugin START] Reloading Section: "reloadable-plugin/ItemComparatorRegistryImpl/DefaultRuntimePlugin of DefaultRuntimePlugin [roughlyenoughitems]/" done in 12.32 μs
[16:33:34] [main/TRACE] [REI] [REIPlugin START] Reloading Section: "reloadable-plugin/ItemComparatorRegistryImpl/ReiCompat of ReiCompat [travelersbackpack]/"
[16:33:34] [main/TRACE] [REI] [REIPlugin START] Reloading Section: "reloadable-plugin/ItemComparatorRegistryImpl/ReiCompat of ReiCompat [travelersbackpack]/" done in 9.488 μs
[16:33:34] [main/TRACE] [REI] [REIPlugin START] Reloading Section: "reloadable-plugin/ItemComparatorRegistryImpl/AdornReiServerForge of AdornReiServerForge [adorn]/"
[16:33:34] [main/TRACE] [REI] [REIPlugin START] Reloading Section: "reloadable-plugin/ItemComparatorRegistryImpl/AdornReiServerForge of AdornReiServerForge [adorn]/" done in 11.04 μs
[16:33:34] [main/TRACE] [REI] [REIPlugin START] Reloading Section: "reloadable-plugin/ItemComparatorRegistryImpl/" done in 3.117 ms
[16:33:34] [main/TRACE] [REI] [REIPlugin START] Reloading Section: "reloadable-plugin/FluidComparatorRegistryImpl/"
[16:33:34] [main/TRACE] [REI] [REIPlugin START] Reloading Section: "reloadable-plugin/FluidComparatorRegistryImpl/DefaultPluginImpl of DefaultPluginImpl [roughlyenoughitems]/"
[16:33:34] [main/TRACE] [REI] [REIPlugin START] Reloading Section: "reloadable-plugin/FluidComparatorRegistryImpl/DefaultPluginImpl of DefaultPluginImpl [roughlyenoughitems]/" done in 33.55 μs
[16:33:34] [main/TRACE] [REI] [REIPlugin START] Reloading Section: "reloadable-plugin/FluidComparatorRegistryImpl/DefaultRuntimePlugin of DefaultRuntimePlugin [roughlyenoughitems]/"
[16:33:34] [main/TRACE] [REI] [REIPlugin START] Reloading Section: "reloadable-plugin/FluidComparatorRegistryImpl/DefaultRuntimePlugin of DefaultRuntimePlugin [roughlyenoughitems]/" done in 11.49 μs
[16:33:34] [main/TRACE] [REI] [REIPlugin START] Reloading Section: "reloadable-plugin/FluidComparatorRegistryImpl/ReiCompat of ReiCompat [travelersbackpack]/"
[16:33:34] [main/TRACE] [REI] [REIPlugin START] Reloading Section: "reloadable-plugin/FluidComparatorRegistryImpl/ReiCompat of ReiCompat [travelersbackpack]/" done in 10.34 μs
[16:33:34] [main/TRACE] [REI] [REIPlugin START] Reloading Section: "reloadable-plugin/FluidComparatorRegistryImpl/AdornReiServerForge of AdornReiServerForge [adorn]/"
[16:33:34] [main/TRACE] [REI] [REIPlugin START] Reloading Section: "reloadable-plugin/FluidComparatorRegistryImpl/AdornReiServerForge of AdornReiServerForge [adorn]/" done in 8.977 μs
[16:33:34] [main/TRACE] [REI] [REIPlugin START] Reloading Section: "reloadable-plugin/FluidComparatorRegistryImpl/" done in 986.4 μs
[16:33:34] [main/TRACE] [REI] [REIPlugin START] Reloading Section: "reloadable-plugin/DisplaySerializerRegistryImpl/"
[16:33:34] [main/TRACE] [REI] [REIPlugin START] Reloading Section: "reloadable-plugin/DisplaySerializerRegistryImpl/DefaultPluginImpl of DefaultPluginImpl [roughlyenoughitems]/"
[16:33:34] [main/TRACE] [REI] [REIPlugin START] Reloading Section: "reloadable-plugin/DisplaySerializerRegistryImpl/DefaultPluginImpl of DefaultPluginImpl [roughlyenoughitems]/" done in 8.857 μs
[16:33:34] [main/TRACE] [REI] [REIPlugin START] Reloading Section: "reloadable-plugin/DisplaySerializerRegistryImpl/DefaultRuntimePlugin of DefaultRuntimePlugin [roughlyenoughitems]/"
[16:33:34] [main/TRACE] [REI] [REIPlugin START] Reloading Section: "reloadable-plugin/DisplaySerializerRegistryImpl/DefaultRuntimePlugin of DefaultRuntimePlugin [roughlyenoughitems]/" done in 8.436 μs
[16:33:34] [main/TRACE] [REI] [REIPlugin START] Reloading Section: "reloadable-plugin/DisplaySerializerRegistryImpl/ReiCompat of ReiCompat [travelersbackpack]/"
[16:33:34] [main/TRACE] [REI] [REIPlugin START] Reloading Section: "reloadable-plugin/DisplaySerializerRegistryImpl/ReiCompat of ReiCompat [travelersbackpack]/" done in 7.755 μs
[16:33:34] [main/TRACE] [REI] [REIPlugin START] Reloading Section: "reloadable-plugin/DisplaySerializerRegistryImpl/AdornReiServerForge of AdornReiServerForge [adorn]/"
[16:33:34] [main/TRACE] [REI] [REIPlugin START] Reloading Section: "reloadable-plugin/DisplaySerializerRegistryImpl/AdornReiServerForge of AdornReiServerForge [adorn]/" done in 7.905 μs
[16:33:34] [main/TRACE] [REI] [REIPlugin START] Reloading Section: "reloadable-plugin/DisplaySerializerRegistryImpl/" done in 982.2 μs
[16:33:34] [main/TRACE] [REI] [REIPlugin START] Reloading Section: "reloadable-plugin/FluidSupportProviderImpl/"
[16:33:34] [main/TRACE] [REI] [REIPlugin START] Reloading Section: "reloadable-plugin/FluidSupportProviderImpl/DefaultPluginImpl of DefaultPluginImpl [roughlyenoughitems]/"
[16:33:34] [main/TRACE] [REI] [REIPlugin START] Reloading Section: "reloadable-plugin/FluidSupportProviderImpl/DefaultPluginImpl of DefaultPluginImpl [roughlyenoughitems]/" done in 1.209 ms
[16:33:34] [main/TRACE] [REI] [REIPlugin START] Reloading Section: "reloadable-plugin/FluidSupportProviderImpl/DefaultRuntimePlugin of DefaultRuntimePlugin [roughlyenoughitems]/"
[16:33:34] [main/TRACE] [REI] [REIPlugin START] Reloading Section: "reloadable-plugin/FluidSupportProviderImpl/DefaultRuntimePlugin of DefaultRuntimePlugin [roughlyenoughitems]/" done in 9.708 μs
[16:33:34] [main/TRACE] [REI] [REIPlugin START] Reloading Section: "reloadable-plugin/FluidSupportProviderImpl/ReiCompat of ReiCompat [travelersbackpack]/"
[16:33:34] [main/TRACE] [REI] [REIPlugin START] Reloading Section: "reloadable-plugin/FluidSupportProviderImpl/ReiCompat of ReiCompat [travelersbackpack]/" done in 8.706 μs
[16:33:34] [main/TRACE] [REI] [REIPlugin START] Reloading Section: "reloadable-plugin/FluidSupportProviderImpl/AdornReiServerForge of AdornReiServerForge [adorn]/"
[16:33:34] [main/TRACE] [REI] [REIPlugin START] Reloading Section: "reloadable-plugin/FluidSupportProviderImpl/AdornReiServerForge of AdornReiServerForge [adorn]/" done in 10.49 μs
[16:33:34] [main/TRACE] [REI] [REIPlugin START] Reloading Section: "reloadable-plugin/FluidSupportProviderImpl/" done in 2.276 ms
[16:33:34] [main/DEBUG] [REI] ========================================
[16:33:34] [main/DEBUG] [REI] REIPlugin ending main-reload for START.
[16:33:34] [main/DEBUG] [REI] ========================================
[16:33:34] [main/TRACE] [REI] [REIPlugin START] Reloading Section: "end-reload/"
[16:33:34] [main/TRACE] [REI] [REIPlugin START] Reloading Section: "end-reload/EntryTypeRegistryImpl/"
[16:33:34] [main/TRACE] [REI] [REIPlugin START] Reloading Section: "end-reload/EntryTypeRegistryImpl/" done in 9.789 μs
[16:33:34] [main/TRACE] [REI] [REIPlugin START] Reloading Section: "end-reload/EntrySettingsAdapterRegistryImpl/"
[16:33:34] [main/TRACE] [REI] [REIPlugin START] Reloading Section: "end-reload/EntrySettingsAdapterRegistryImpl/" done in 4.628 μs
[16:33:34] [main/TRACE] [REI] [REIPlugin START] Reloading Section: "end-reload/RecipeManagerContextImpl/"
[16:33:34] [main/TRACE] [REI] [REIPlugin START] Reloading Section: "end-reload/RecipeManagerContextImpl/" done in 4.649 μs
[16:33:34] [main/TRACE] [REI] [REIPlugin START] Reloading Section: "end-reload/ItemComparatorRegistryImpl/"
[16:33:34] [main/TRACE] [REI] [REIPlugin START] Reloading Section: "end-reload/ItemComparatorRegistryImpl/" done in 5.381 μs
[16:33:34] [main/TRACE] [REI] [REIPlugin START] Reloading Section: "end-reload/FluidComparatorRegistryImpl/"
[16:33:34] [main/TRACE] [REI] [REIPlugin START] Reloading Section: "end-reload/FluidComparatorRegistryImpl/" done in 4.959 μs
[16:33:34] [main/TRACE] [REI] [REIPlugin START] Reloading Section: "end-reload/DisplaySerializerRegistryImpl/"
[16:33:34] [main/TRACE] [REI] [REIPlugin START] Reloading Section: "end-reload/DisplaySerializerRegistryImpl/" done in 5.250 μs
[16:33:34] [main/TRACE] [REI] [REIPlugin START] Reloading Section: "end-reload/FluidSupportProviderImpl/"
[16:33:34] [main/TRACE] [REI] [REIPlugin START] Reloading Section: "end-reload/FluidSupportProviderImpl/" done in 5.330 μs
[16:33:34] [main/TRACE] [REI] [REIPlugin START] Reloading Section: "end-reload/" done in 1.792 ms
[16:33:34] [main/DEBUG] [REI] ========================================
[16:33:34] [main/DEBUG] [REI] REIPlugin ended main-reload for START in 46.41 ms.
[16:33:34] [main/DEBUG] [REI] ========================================
[16:33:34] [main/INFO] [REI] @@@@@@@@@@@@@@@@@@@@@@@@@@@@@@@@@@@@@@@@
[16:33:34] [main/INFO] [REI] REIServerPlugin starting main-reload for START.
[16:33:34] [main/DEBUG] [REI] Reloadables (2):
[16:33:34] [main/DEBUG] [REI]  - MenuInfoRegistryImpl
[16:33:34] [main/DEBUG] [REI]  - SlotAccessorRegistryImpl
[16:33:34] [main/INFO] [REI] Plugins (4):
[16:33:34] [main/INFO] [REI]  - (-100.00) DefaultPluginImpl of DefaultPluginImpl [roughlyenoughitems]
[16:33:34] [main/INFO] [REI]  - (0.00) ReiCompat of ReiCompat [travelersbackpack]
[16:33:34] [main/INFO] [REI]  - (0.00) AdornReiServerForge of AdornReiServerForge [adorn]
[16:33:34] [main/INFO] [REI]  - (0.00) DefaultRuntimePlugin of DefaultRuntimePlugin [roughlyenoughitems]
[16:33:34] [main/INFO] [REI] @@@@@@@@@@@@@@@@@@@@@@@@@@@@@@@@@@@@@@@@
[16:33:34] [main/TRACE] [REI] [REIServerPlugin START] Reloading Section: "start-reload/"
[16:33:34] [main/TRACE] [REI] [REIServerPlugin START] Reloading Section: "start-reload/MenuInfoRegistryImpl/"
[16:33:34] [main/TRACE] [REI] [REIServerPlugin START] Reloading Section: "start-reload/MenuInfoRegistryImpl/" done in 14.71 μs
[16:33:34] [main/TRACE] [REI] [REIServerPlugin START] Reloading Section: "start-reload/SlotAccessorRegistryImpl/"
[16:33:34] [main/TRACE] [REI] [REIServerPlugin START] Reloading Section: "start-reload/SlotAccessorRegistryImpl/" done in 5.892 μs
[16:33:34] [main/TRACE] [REI] [REIServerPlugin START] Reloading Section: "start-reload/" done in 975.1 μs
[16:33:34] [main/DEBUG] [REI] ========================================
[16:33:34] [main/DEBUG] [REI] REIServerPlugin started main-reload for START.
[16:33:34] [main/DEBUG] [REI] ========================================
[16:33:34] [main/TRACE] [REI] [REIServerPlugin START] Reloading Section: "reloadable-plugin/MenuInfoRegistryImpl/"
[16:33:34] [main/TRACE] [REI] [REIServerPlugin START] Reloading Section: "reloadable-plugin/MenuInfoRegistryImpl/DefaultPluginImpl of DefaultPluginImpl [roughlyenoughitems]/"
[16:33:34] [main/TRACE] [REI] [REIServerPlugin START] Reloading Section: "reloadable-plugin/MenuInfoRegistryImpl/DefaultPluginImpl of DefaultPluginImpl [roughlyenoughitems]/" done in 20.31 μs
[16:33:34] [main/TRACE] [REI] [REIServerPlugin START] Reloading Section: "reloadable-plugin/MenuInfoRegistryImpl/ReiCompat of ReiCompat [travelersbackpack]/"
[16:33:34] [main/TRACE] [REI] [REIServerPlugin START] Reloading Section: "reloadable-plugin/MenuInfoRegistryImpl/ReiCompat of ReiCompat [travelersbackpack]/" done in 11.46 μs
[16:33:34] [main/TRACE] [REI] [REIServerPlugin START] Reloading Section: "reloadable-plugin/MenuInfoRegistryImpl/AdornReiServerForge of AdornReiServerForge [adorn]/"
[16:33:34] [main/TRACE] [REI] [REIServerPlugin START] Reloading Section: "reloadable-plugin/MenuInfoRegistryImpl/AdornReiServerForge of AdornReiServerForge [adorn]/" done in 11.18 μs
[16:33:34] [main/TRACE] [REI] [REIServerPlugin START] Reloading Section: "reloadable-plugin/MenuInfoRegistryImpl/DefaultRuntimePlugin of DefaultRuntimePlugin [roughlyenoughitems]/"
[16:33:34] [main/TRACE] [REI] [REIServerPlugin START] Reloading Section: "reloadable-plugin/MenuInfoRegistryImpl/DefaultRuntimePlugin of DefaultRuntimePlugin [roughlyenoughitems]/" done in 9.398 μs
[16:33:34] [main/TRACE] [REI] [REIServerPlugin START] Reloading Section: "reloadable-plugin/MenuInfoRegistryImpl/" done in 2.521 ms
[16:33:34] [main/TRACE] [REI] [REIServerPlugin START] Reloading Section: "reloadable-plugin/SlotAccessorRegistryImpl/"
[16:33:34] [main/TRACE] [REI] [REIServerPlugin START] Reloading Section: "reloadable-plugin/SlotAccessorRegistryImpl/DefaultPluginImpl of DefaultPluginImpl [roughlyenoughitems]/"
[16:33:34] [main/TRACE] [REI] [REIServerPlugin START] Reloading Section: "reloadable-plugin/SlotAccessorRegistryImpl/DefaultPluginImpl of DefaultPluginImpl [roughlyenoughitems]/" done in 9.529 μs
[16:33:34] [main/TRACE] [REI] [REIServerPlugin START] Reloading Section: "reloadable-plugin/SlotAccessorRegistryImpl/ReiCompat of ReiCompat [travelersbackpack]/"
[16:33:34] [main/TRACE] [REI] [REIServerPlugin START] Reloading Section: "reloadable-plugin/SlotAccessorRegistryImpl/ReiCompat of ReiCompat [travelersbackpack]/" done in 9.748 μs
[16:33:34] [main/TRACE] [REI] [REIServerPlugin START] Reloading Section: "reloadable-plugin/SlotAccessorRegistryImpl/AdornReiServerForge of AdornReiServerForge [adorn]/"
[16:33:34] [main/TRACE] [REI] [REIServerPlugin START] Reloading Section: "reloadable-plugin/SlotAccessorRegistryImpl/AdornReiServerForge of AdornReiServerForge [adorn]/" done in 8.797 μs
[16:33:34] [main/TRACE] [REI] [REIServerPlugin START] Reloading Section: "reloadable-plugin/SlotAccessorRegistryImpl/DefaultRuntimePlugin of DefaultRuntimePlugin [roughlyenoughitems]/"
[16:33:34] [main/TRACE] [REI] [REIServerPlugin START] Reloading Section: "reloadable-plugin/SlotAccessorRegistryImpl/DefaultRuntimePlugin of DefaultRuntimePlugin [roughlyenoughitems]/" done in 9.108 μs
[16:33:34] [main/TRACE] [REI] [REIServerPlugin START] Reloading Section: "reloadable-plugin/SlotAccessorRegistryImpl/" done in 1.254 ms
[16:33:34] [main/DEBUG] [REI] ========================================
[16:33:34] [main/DEBUG] [REI] REIServerPlugin ending main-reload for START.
[16:33:34] [main/DEBUG] [REI] ========================================
[16:33:34] [main/TRACE] [REI] [REIServerPlugin START] Reloading Section: "end-reload/"
[16:33:34] [main/TRACE] [REI] [REIServerPlugin START] Reloading Section: "end-reload/MenuInfoRegistryImpl/"
[16:33:34] [main/TRACE] [REI] [REIServerPlugin START] Reloading Section: "end-reload/MenuInfoRegistryImpl/" done in 7.504 μs
[16:33:34] [main/TRACE] [REI] [REIServerPlugin START] Reloading Section: "end-reload/SlotAccessorRegistryImpl/"
[16:33:34] [main/TRACE] [REI] [REIServerPlugin START] Reloading Section: "end-reload/SlotAccessorRegistryImpl/" done in 6.242 μs
[16:33:34] [main/TRACE] [REI] [REIServerPlugin START] Reloading Section: "end-reload/" done in 785.5 μs
[16:33:34] [main/DEBUG] [REI] ========================================
[16:33:34] [main/DEBUG] [REI] REIServerPlugin ended main-reload for START in 13.82 ms.
[16:33:34] [main/DEBUG] [REI] ========================================
[16:33:34] [main/DEBUG] [REI] ========================================
[16:33:34] [main/DEBUG] [REI] REIPlugin starting post-reload for START.
[16:33:34] [main/DEBUG] [REI] Reloadables (7):
[16:33:34] [main/DEBUG] [REI]  - EntryTypeRegistryImpl
[16:33:34] [main/DEBUG] [REI]  - EntrySettingsAdapterRegistryImpl
[16:33:34] [main/DEBUG] [REI]  - RecipeManagerContextImpl
[16:33:34] [main/DEBUG] [REI]  - ItemComparatorRegistryImpl
[16:33:34] [main/DEBUG] [REI]  - FluidComparatorRegistryImpl
[16:33:34] [main/DEBUG] [REI]  - DisplaySerializerRegistryImpl
[16:33:34] [main/DEBUG] [REI]  - FluidSupportProviderImpl
[16:33:34] [main/DEBUG] [REI] Plugins (4):
[16:33:34] [main/DEBUG] [REI]  - (-100.00) DefaultPluginImpl of DefaultPluginImpl [roughlyenoughitems]
[16:33:34] [main/DEBUG] [REI]  - (0.00) DefaultRuntimePlugin of DefaultRuntimePlugin [roughlyenoughitems]
[16:33:34] [main/DEBUG] [REI]  - (0.00) ReiCompat of ReiCompat [travelersbackpack]
[16:33:34] [main/DEBUG] [REI]  - (0.00) AdornReiServerForge of AdornReiServerForge [adorn]
[16:33:34] [main/DEBUG] [REI] ========================================
[16:33:34] [main/TRACE] [REI] [REIPlugin START] Reloading Section: "post-register/"
[16:33:34] [main/TRACE] [REI] [REIPlugin START] Reloading Section: "post-register/DefaultPluginImpl of DefaultPluginImpl [roughlyenoughitems]/"
[16:33:34] [main/TRACE] [REI] [REIPlugin START] Reloading Section: "post-register/DefaultPluginImpl of DefaultPluginImpl [roughlyenoughitems]/" done in 302.2 μs
[16:33:34] [main/TRACE] [REI] [REIPlugin START] Reloading Section: "post-register/DefaultRuntimePlugin of DefaultRuntimePlugin [roughlyenoughitems]/"
[16:33:34] [main/TRACE] [REI] [REIPlugin START] Reloading Section: "post-register/DefaultRuntimePlugin of DefaultRuntimePlugin [roughlyenoughitems]/" done in 8.616 μs
[16:33:34] [main/TRACE] [REI] [REIPlugin START] Reloading Section: "post-register/ReiCompat of ReiCompat [travelersbackpack]/"
[16:33:34] [main/TRACE] [REI] [REIPlugin START] Reloading Section: "post-register/ReiCompat of ReiCompat [travelersbackpack]/" done in 7.274 μs
[16:33:34] [main/TRACE] [REI] [REIPlugin START] Reloading Section: "post-register/AdornReiServerForge of AdornReiServerForge [adorn]/"
[16:33:34] [main/TRACE] [REI] [REIPlugin START] Reloading Section: "post-register/AdornReiServerForge of AdornReiServerForge [adorn]/" done in 6.763 μs
[16:33:34] [main/TRACE] [REI] [REIPlugin START] Reloading Section: "post-register/" done in 1.606 ms
[16:33:34] [main/TRACE] [REI] [REIPlugin START] Reloading Section: "post-stage/"
[16:33:34] [main/TRACE] [REI] [REIPlugin START] Reloading Section: "post-stage/EntryTypeRegistryImpl/"
[16:33:34] [main/TRACE] [REI] [REIPlugin START] Reloading Section: "post-stage/EntryTypeRegistryImpl/" done in 10.88 μs
[16:33:34] [main/TRACE] [REI] [REIPlugin START] Reloading Section: "post-stage/EntrySettingsAdapterRegistryImpl/"
[16:33:34] [main/TRACE] [REI] [REIPlugin START] Reloading Section: "post-stage/EntrySettingsAdapterRegistryImpl/" done in 5.831 μs
[16:33:34] [main/TRACE] [REI] [REIPlugin START] Reloading Section: "post-stage/RecipeManagerContextImpl/"
[16:33:34] [main/TRACE] [REI] [REIPlugin START] Reloading Section: "post-stage/RecipeManagerContextImpl/" done in 5.360 μs
[16:33:34] [main/TRACE] [REI] [REIPlugin START] Reloading Section: "post-stage/ItemComparatorRegistryImpl/"
[16:33:34] [main/TRACE] [REI] [REIPlugin START] Reloading Section: "post-stage/ItemComparatorRegistryImpl/" done in 14.53 μs
[16:33:34] [main/TRACE] [REI] [REIPlugin START] Reloading Section: "post-stage/FluidComparatorRegistryImpl/"
[16:33:34] [main/TRACE] [REI] [REIPlugin START] Reloading Section: "post-stage/FluidComparatorRegistryImpl/" done in 3.767 μs
[16:33:34] [main/TRACE] [REI] [REIPlugin START] Reloading Section: "post-stage/DisplaySerializerRegistryImpl/"
[16:33:34] [main/TRACE] [REI] [REIPlugin START] Reloading Section: "post-stage/DisplaySerializerRegistryImpl/" done in 5.120 μs
[16:33:34] [main/TRACE] [REI] [REIPlugin START] Reloading Section: "post-stage/FluidSupportProviderImpl/"
[16:33:34] [main/TRACE] [REI] [REIPlugin START] Reloading Section: "post-stage/FluidSupportProviderImpl/" done in 4.398 μs
[16:33:34] [main/TRACE] [REI] [REIPlugin START] Reloading Section: "post-stage/" done in 1.876 ms
[16:33:34] [main/DEBUG] [REI] ========================================
[16:33:34] [main/INFO] [REI] REIPlugin finished post-reload for START in 4.067 ms, totaling 77.85 ms.
[16:33:34] [main/DEBUG] [REI] ========================================
[16:33:34] [main/DEBUG] [REI] ========================================
[16:33:34] [main/DEBUG] [REI] REIServerPlugin starting post-reload for START.
[16:33:34] [main/DEBUG] [REI] Reloadables (2):
[16:33:34] [main/DEBUG] [REI]  - MenuInfoRegistryImpl
[16:33:34] [main/DEBUG] [REI]  - SlotAccessorRegistryImpl
[16:33:34] [main/DEBUG] [REI] Plugins (4):
[16:33:34] [main/DEBUG] [REI]  - (-100.00) DefaultPluginImpl of DefaultPluginImpl [roughlyenoughitems]
[16:33:34] [main/DEBUG] [REI]  - (0.00) ReiCompat of ReiCompat [travelersbackpack]
[16:33:34] [main/DEBUG] [REI]  - (0.00) AdornReiServerForge of AdornReiServerForge [adorn]
[16:33:34] [main/DEBUG] [REI]  - (0.00) DefaultRuntimePlugin of DefaultRuntimePlugin [roughlyenoughitems]
[16:33:34] [main/DEBUG] [REI] ========================================
[16:33:34] [main/TRACE] [REI] [REIServerPlugin START] Reloading Section: "post-register/"
[16:33:34] [main/TRACE] [REI] [REIServerPlugin START] Reloading Section: "post-register/DefaultPluginImpl of DefaultPluginImpl [roughlyenoughitems]/"
[16:33:34] [main/TRACE] [REI] [REIServerPlugin START] Reloading Section: "post-register/DefaultPluginImpl of DefaultPluginImpl [roughlyenoughitems]/" done in 9.668 μs
[16:33:34] [main/TRACE] [REI] [REIServerPlugin START] Reloading Section: "post-register/ReiCompat of ReiCompat [travelersbackpack]/"
[16:33:34] [main/TRACE] [REI] [REIServerPlugin START] Reloading Section: "post-register/ReiCompat of ReiCompat [travelersbackpack]/" done in 7.865 μs
[16:33:34] [main/TRACE] [REI] [REIServerPlugin START] Reloading Section: "post-register/AdornReiServerForge of AdornReiServerForge [adorn]/"
[16:33:34] [main/TRACE] [REI] [REIServerPlugin START] Reloading Section: "post-register/AdornReiServerForge of AdornReiServerForge [adorn]/" done in 9.168 μs
[16:33:34] [main/TRACE] [REI] [REIServerPlugin START] Reloading Section: "post-register/DefaultRuntimePlugin of DefaultRuntimePlugin [roughlyenoughitems]/"
[16:33:34] [main/TRACE] [REI] [REIServerPlugin START] Reloading Section: "post-register/DefaultRuntimePlugin of DefaultRuntimePlugin [roughlyenoughitems]/" done in 6.893 μs
[16:33:34] [main/TRACE] [REI] [REIServerPlugin START] Reloading Section: "post-register/" done in 1.264 ms
[16:33:34] [main/TRACE] [REI] [REIServerPlugin START] Reloading Section: "post-stage/"
[16:33:34] [main/TRACE] [REI] [REIServerPlugin START] Reloading Section: "post-stage/MenuInfoRegistryImpl/"
[16:33:34] [main/TRACE] [REI] [REIServerPlugin START] Reloading Section: "post-stage/MenuInfoRegistryImpl/" done in 6.111 μs
[16:33:34] [main/TRACE] [REI] [REIServerPlugin START] Reloading Section: "post-stage/SlotAccessorRegistryImpl/"
[16:33:34] [main/TRACE] [REI] [REIServerPlugin START] Reloading Section: "post-stage/SlotAccessorRegistryImpl/" done in 5.421 μs
[16:33:34] [main/TRACE] [REI] [REIServerPlugin START] Reloading Section: "post-stage/" done in 526.1 μs
[16:33:34] [main/DEBUG] [REI] ========================================
[16:33:34] [main/INFO] [REI] REIServerPlugin finished post-reload for START in 2.260 ms, totaling 18.11 ms.
[16:33:34] [main/DEBUG] [REI] ========================================
[16:33:34] [main/DEBUG] [REI] ========================================
[16:33:34] [main/DEBUG] [REI] REIPlugin starting pre-reload for END.
[16:33:34] [main/DEBUG] [REI] Reloadables (7):
[16:33:34] [main/DEBUG] [REI]  - EntryTypeRegistryImpl
[16:33:34] [main/DEBUG] [REI]  - EntrySettingsAdapterRegistryImpl
[16:33:34] [main/DEBUG] [REI]  - RecipeManagerContextImpl
[16:33:34] [main/DEBUG] [REI]  - ItemComparatorRegistryImpl
[16:33:34] [main/DEBUG] [REI]  - FluidComparatorRegistryImpl
[16:33:34] [main/DEBUG] [REI]  - DisplaySerializerRegistryImpl
[16:33:34] [main/DEBUG] [REI]  - FluidSupportProviderImpl
[16:33:34] [main/DEBUG] [REI] Plugins (4):
[16:33:34] [main/DEBUG] [REI]  - (-100.00) DefaultPluginImpl of DefaultPluginImpl [roughlyenoughitems]
[16:33:34] [main/DEBUG] [REI]  - (0.00) DefaultRuntimePlugin of DefaultRuntimePlugin [roughlyenoughitems]
[16:33:34] [main/DEBUG] [REI]  - (0.00) ReiCompat of ReiCompat [travelersbackpack]
[16:33:34] [main/DEBUG] [REI]  - (0.00) AdornReiServerForge of AdornReiServerForge [adorn]
[16:33:34] [main/DEBUG] [REI] ========================================
[16:33:34] [main/TRACE] [REI] [REIPlugin END] Reloading Section: "pre-register/"
[16:33:34] [main/TRACE] [REI] [REIPlugin END] Reloading Section: "pre-register/DefaultPluginImpl of DefaultPluginImpl [roughlyenoughitems]/"
[16:33:34] [main/TRACE] [REI] [REIPlugin END] Reloading Section: "pre-register/DefaultPluginImpl of DefaultPluginImpl [roughlyenoughitems]/" done in 12.56 μs
[16:33:34] [main/TRACE] [REI] [REIPlugin END] Reloading Section: "pre-register/DefaultRuntimePlugin of DefaultRuntimePlugin [roughlyenoughitems]/"
[16:33:34] [main/TRACE] [REI] [REIPlugin END] Reloading Section: "pre-register/DefaultRuntimePlugin of DefaultRuntimePlugin [roughlyenoughitems]/" done in 8.617 μs
[16:33:34] [main/TRACE] [REI] [REIPlugin END] Reloading Section: "pre-register/ReiCompat of ReiCompat [travelersbackpack]/"
[16:33:34] [main/TRACE] [REI] [REIPlugin END] Reloading Section: "pre-register/ReiCompat of ReiCompat [travelersbackpack]/" done in 8.076 μs
[16:33:34] [main/TRACE] [REI] [REIPlugin END] Reloading Section: "pre-register/AdornReiServerForge of AdornReiServerForge [adorn]/"
[16:33:34] [main/TRACE] [REI] [REIPlugin END] Reloading Section: "pre-register/AdornReiServerForge of AdornReiServerForge [adorn]/" done in 6.763 μs
[16:33:34] [main/TRACE] [REI] [REIPlugin END] Reloading Section: "pre-register/" done in 1.072 ms
[16:33:34] [main/TRACE] [REI] [REIPlugin END] Reloading Section: "pre-stage/"
[16:33:34] [main/TRACE] [REI] [REIPlugin END] Reloading Section: "pre-stage/EntryTypeRegistryImpl/"
[16:33:34] [main/TRACE] [REI] [REIPlugin END] Reloading Section: "pre-stage/EntryTypeRegistryImpl/" done in 5.851 μs
[16:33:34] [main/TRACE] [REI] [REIPlugin END] Reloading Section: "pre-stage/EntrySettingsAdapterRegistryImpl/"
[16:33:34] [main/TRACE] [REI] [REIPlugin END] Reloading Section: "pre-stage/EntrySettingsAdapterRegistryImpl/" done in 5.932 μs
[16:33:34] [main/TRACE] [REI] [REIPlugin END] Reloading Section: "pre-stage/RecipeManagerContextImpl/"
[16:33:34] [main/TRACE] [REI] [REIPlugin END] Reloading Section: "pre-stage/RecipeManagerContextImpl/" done in 6.482 μs
[16:33:34] [main/TRACE] [REI] [REIPlugin END] Reloading Section: "pre-stage/ItemComparatorRegistryImpl/"
[16:33:34] [main/TRACE] [REI] [REIPlugin END] Reloading Section: "pre-stage/ItemComparatorRegistryImpl/" done in 6.042 μs
[16:33:34] [main/TRACE] [REI] [REIPlugin END] Reloading Section: "pre-stage/FluidComparatorRegistryImpl/"
[16:33:34] [main/TRACE] [REI] [REIPlugin END] Reloading Section: "pre-stage/FluidComparatorRegistryImpl/" done in 5.491 μs
[16:33:34] [main/TRACE] [REI] [REIPlugin END] Reloading Section: "pre-stage/DisplaySerializerRegistryImpl/"
[16:33:34] [main/TRACE] [REI] [REIPlugin END] Reloading Section: "pre-stage/DisplaySerializerRegistryImpl/" done in 5.180 μs
[16:33:34] [main/TRACE] [REI] [REIPlugin END] Reloading Section: "pre-stage/FluidSupportProviderImpl/"
[16:33:34] [main/TRACE] [REI] [REIPlugin END] Reloading Section: "pre-stage/FluidSupportProviderImpl/" done in 4.429 μs
[16:33:34] [main/TRACE] [REI] [REIPlugin END] Reloading Section: "pre-stage/" done in 1.603 ms
[16:33:34] [main/DEBUG] [REI] ========================================
[16:33:34] [main/DEBUG] [REI] REIPlugin finished pre-reload for END in 3.148 ms.
[16:33:34] [main/DEBUG] [REI] ========================================
[16:33:34] [main/DEBUG] [REI] ========================================
[16:33:34] [main/DEBUG] [REI] REIServerPlugin starting pre-reload for END.
[16:33:34] [main/DEBUG] [REI] Reloadables (2):
[16:33:34] [main/DEBUG] [REI]  - MenuInfoRegistryImpl
[16:33:34] [main/DEBUG] [REI]  - SlotAccessorRegistryImpl
[16:33:34] [main/DEBUG] [REI] Plugins (4):
[16:33:34] [main/DEBUG] [REI]  - (-100.00) DefaultPluginImpl of DefaultPluginImpl [roughlyenoughitems]
[16:33:34] [main/DEBUG] [REI]  - (0.00) ReiCompat of ReiCompat [travelersbackpack]
[16:33:34] [main/DEBUG] [REI]  - (0.00) AdornReiServerForge of AdornReiServerForge [adorn]
[16:33:34] [main/DEBUG] [REI]  - (0.00) DefaultRuntimePlugin of DefaultRuntimePlugin [roughlyenoughitems]
[16:33:34] [main/DEBUG] [REI] ========================================
[16:33:34] [main/TRACE] [REI] [REIServerPlugin END] Reloading Section: "pre-register/"
[16:33:34] [main/TRACE] [REI] [REIServerPlugin END] Reloading Section: "pre-register/DefaultPluginImpl of DefaultPluginImpl [roughlyenoughitems]/"
[16:33:34] [main/TRACE] [REI] [REIServerPlugin END] Reloading Section: "pre-register/DefaultPluginImpl of DefaultPluginImpl [roughlyenoughitems]/" done in 7.524 μs
[16:33:34] [main/TRACE] [REI] [REIServerPlugin END] Reloading Section: "pre-register/ReiCompat of ReiCompat [travelersbackpack]/"
[16:33:34] [main/TRACE] [REI] [REIServerPlugin END] Reloading Section: "pre-register/ReiCompat of ReiCompat [travelersbackpack]/" done in 6.603 μs
[16:33:34] [main/TRACE] [REI] [REIServerPlugin END] Reloading Section: "pre-register/AdornReiServerForge of AdornReiServerForge [adorn]/"
[16:33:34] [main/TRACE] [REI] [REIServerPlugin END] Reloading Section: "pre-register/AdornReiServerForge of AdornReiServerForge [adorn]/" done in 6.092 μs
[16:33:34] [main/TRACE] [REI] [REIServerPlugin END] Reloading Section: "pre-register/DefaultRuntimePlugin of DefaultRuntimePlugin [roughlyenoughitems]/"
[16:33:34] [main/TRACE] [REI] [REIServerPlugin END] Reloading Section: "pre-register/DefaultRuntimePlugin of DefaultRuntimePlugin [roughlyenoughitems]/" done in 7.204 μs
[16:33:34] [main/TRACE] [REI] [REIServerPlugin END] Reloading Section: "pre-register/" done in 1.049 ms
[16:33:34] [main/TRACE] [REI] [REIServerPlugin END] Reloading Section: "pre-stage/"
[16:33:34] [main/TRACE] [REI] [REIServerPlugin END] Reloading Section: "pre-stage/MenuInfoRegistryImpl/"
[16:33:34] [main/TRACE] [REI] [REIServerPlugin END] Reloading Section: "pre-stage/MenuInfoRegistryImpl/" done in 7.575 μs
[16:33:34] [main/TRACE] [REI] [REIServerPlugin END] Reloading Section: "pre-stage/SlotAccessorRegistryImpl/"
[16:33:34] [main/TRACE] [REI] [REIServerPlugin END] Reloading Section: "pre-stage/SlotAccessorRegistryImpl/" done in 5.070 μs
[16:33:34] [main/TRACE] [REI] [REIServerPlugin END] Reloading Section: "pre-stage/" done in 647.3 μs
[16:33:34] [main/DEBUG] [REI] ========================================
[16:33:34] [main/DEBUG] [REI] REIServerPlugin finished pre-reload for END in 2.140 ms.
[16:33:34] [main/DEBUG] [REI] ========================================
[16:33:34] [main/INFO] [REI] ~~~~~~~~~~~~~~~~~~~~~~~~~~~~~~~~~~~~~~~~
[16:33:34] [main/INFO] [REI] REIPlugin starting main-reload for END.
[16:33:34] [main/DEBUG] [REI] Reloadables (7):
[16:33:34] [main/DEBUG] [REI]  - EntryTypeRegistryImpl
[16:33:34] [main/DEBUG] [REI]  - EntrySettingsAdapterRegistryImpl
[16:33:34] [main/DEBUG] [REI]  - RecipeManagerContextImpl
[16:33:34] [main/DEBUG] [REI]  - ItemComparatorRegistryImpl
[16:33:34] [main/DEBUG] [REI]  - FluidComparatorRegistryImpl
[16:33:34] [main/DEBUG] [REI]  - DisplaySerializerRegistryImpl
[16:33:34] [main/DEBUG] [REI]  - FluidSupportProviderImpl
[16:33:34] [main/INFO] [REI] Plugins (4):
[16:33:34] [main/INFO] [REI]  - (-100.00) DefaultPluginImpl of DefaultPluginImpl [roughlyenoughitems]
[16:33:34] [main/INFO] [REI]  - (0.00) DefaultRuntimePlugin of DefaultRuntimePlugin [roughlyenoughitems]
[16:33:34] [main/INFO] [REI]  - (0.00) ReiCompat of ReiCompat [travelersbackpack]
[16:33:34] [main/INFO] [REI]  - (0.00) AdornReiServerForge of AdornReiServerForge [adorn]
[16:33:34] [main/INFO] [REI] ~~~~~~~~~~~~~~~~~~~~~~~~~~~~~~~~~~~~~~~~
[16:33:34] [main/TRACE] [REI] [REIPlugin END] Reloading Section: "start-reload/"
[16:33:34] [main/TRACE] [REI] [REIPlugin END] Reloading Section: "start-reload/EntryTypeRegistryImpl/"
[16:33:34] [main/TRACE] [REI] [REIPlugin END] Reloading Section: "start-reload/EntryTypeRegistryImpl/" done in 12.50 μs
[16:33:34] [main/TRACE] [REI] [REIPlugin END] Reloading Section: "start-reload/EntrySettingsAdapterRegistryImpl/"
[16:33:34] [main/TRACE] [REI] [REIPlugin END] Reloading Section: "start-reload/EntrySettingsAdapterRegistryImpl/" done in 32.26 μs
[16:33:34] [main/TRACE] [REI] [REIPlugin END] Reloading Section: "start-reload/RecipeManagerContextImpl/"
[16:33:34] [main/TRACE] [REI] [REIPlugin END] Reloading Section: "start-reload/RecipeManagerContextImpl/" done in 193.6 μs
[16:33:34] [main/TRACE] [REI] [REIPlugin END] Reloading Section: "start-reload/ItemComparatorRegistryImpl/"
[16:33:34] [main/TRACE] [REI] [REIPlugin END] Reloading Section: "start-reload/ItemComparatorRegistryImpl/" done in 5.992 μs
[16:33:34] [main/TRACE] [REI] [REIPlugin END] Reloading Section: "start-reload/FluidComparatorRegistryImpl/"
[16:33:34] [main/TRACE] [REI] [REIPlugin END] Reloading Section: "start-reload/FluidComparatorRegistryImpl/" done in 7.565 μs
[16:33:34] [main/TRACE] [REI] [REIPlugin END] Reloading Section: "start-reload/DisplaySerializerRegistryImpl/"
[16:33:34] [main/TRACE] [REI] [REIPlugin END] Reloading Section: "start-reload/DisplaySerializerRegistryImpl/" done in 134.1 μs
[16:33:34] [main/TRACE] [REI] [REIPlugin END] Reloading Section: "start-reload/FluidSupportProviderImpl/"
[16:33:34] [main/TRACE] [REI] [REIPlugin END] Reloading Section: "start-reload/FluidSupportProviderImpl/" done in 6.132 μs
[16:33:34] [main/TRACE] [REI] [REIPlugin END] Reloading Section: "start-reload/" done in 1.985 ms
[16:33:34] [main/DEBUG] [REI] ========================================
[16:33:34] [main/DEBUG] [REI] REIPlugin started main-reload for END.
[16:33:34] [main/DEBUG] [REI] ========================================
[16:33:34] [main/TRACE] [REI] [REIPlugin END] Reloading Section: "reloadable-plugin/EntryTypeRegistryImpl/"
[16:33:34] [main/TRACE] [REI] [REIPlugin END] Reloading Section: "reloadable-plugin/EntryTypeRegistryImpl/DefaultPluginImpl of DefaultPluginImpl [roughlyenoughitems]/"
[16:33:34] [main/TRACE] [REI] [REIPlugin END] Reloading Section: "reloadable-plugin/EntryTypeRegistryImpl/DefaultPluginImpl of DefaultPluginImpl [roughlyenoughitems]/" done in 18.36 μs
[16:33:34] [main/TRACE] [REI] [REIPlugin END] Reloading Section: "reloadable-plugin/EntryTypeRegistryImpl/DefaultRuntimePlugin of DefaultRuntimePlugin [roughlyenoughitems]/"
[16:33:34] [main/TRACE] [REI] [REIPlugin END] Reloading Section: "reloadable-plugin/EntryTypeRegistryImpl/DefaultRuntimePlugin of DefaultRuntimePlugin [roughlyenoughitems]/" done in 9.869 μs
[16:33:34] [main/TRACE] [REI] [REIPlugin END] Reloading Section: "reloadable-plugin/EntryTypeRegistryImpl/ReiCompat of ReiCompat [travelersbackpack]/"
[16:33:34] [main/TRACE] [REI] [REIPlugin END] Reloading Section: "reloadable-plugin/EntryTypeRegistryImpl/ReiCompat of ReiCompat [travelersbackpack]/" done in 11.83 μs
[16:33:34] [main/TRACE] [REI] [REIPlugin END] Reloading Section: "reloadable-plugin/EntryTypeRegistryImpl/AdornReiServerForge of AdornReiServerForge [adorn]/"
[16:33:34] [main/TRACE] [REI] [REIPlugin END] Reloading Section: "reloadable-plugin/EntryTypeRegistryImpl/AdornReiServerForge of AdornReiServerForge [adorn]/" done in 8.918 μs
[16:33:34] [main/TRACE] [REI] [REIPlugin END] Reloading Section: "reloadable-plugin/EntryTypeRegistryImpl/" done in 843.3 μs
[16:33:34] [main/TRACE] [REI] [REIPlugin END] Reloading Section: "reloadable-plugin/EntrySettingsAdapterRegistryImpl/"
[16:33:34] [main/TRACE] [REI] [REIPlugin END] Reloading Section: "reloadable-plugin/EntrySettingsAdapterRegistryImpl/DefaultPluginImpl of DefaultPluginImpl [roughlyenoughitems]/"
[16:33:34] [main/TRACE] [REI] [REIPlugin END] Reloading Section: "reloadable-plugin/EntrySettingsAdapterRegistryImpl/DefaultPluginImpl of DefaultPluginImpl [roughlyenoughitems]/" done in 16.48 μs
[16:33:34] [main/TRACE] [REI] [REIPlugin END] Reloading Section: "reloadable-plugin/EntrySettingsAdapterRegistryImpl/DefaultRuntimePlugin of DefaultRuntimePlugin [roughlyenoughitems]/"
[16:33:34] [main/TRACE] [REI] [REIPlugin END] Reloading Section: "reloadable-plugin/EntrySettingsAdapterRegistryImpl/DefaultRuntimePlugin of DefaultRuntimePlugin [roughlyenoughitems]/" done in 17.15 μs
[16:33:34] [main/TRACE] [REI] [REIPlugin END] Reloading Section: "reloadable-plugin/EntrySettingsAdapterRegistryImpl/ReiCompat of ReiCompat [travelersbackpack]/"
[16:33:34] [main/TRACE] [REI] [REIPlugin END] Reloading Section: "reloadable-plugin/EntrySettingsAdapterRegistryImpl/ReiCompat of ReiCompat [travelersbackpack]/" done in 23.93 μs
[16:33:34] [main/TRACE] [REI] [REIPlugin END] Reloading Section: "reloadable-plugin/EntrySettingsAdapterRegistryImpl/AdornReiServerForge of AdornReiServerForge [adorn]/"
[16:33:34] [main/TRACE] [REI] [REIPlugin END] Reloading Section: "reloadable-plugin/EntrySettingsAdapterRegistryImpl/AdornReiServerForge of AdornReiServerForge [adorn]/" done in 13.38 μs
[16:33:34] [main/TRACE] [REI] [REIPlugin END] Reloading Section: "reloadable-plugin/EntrySettingsAdapterRegistryImpl/" done in 919.9 μs
[16:33:34] [main/TRACE] [REI] [REIPlugin END] Reloading Section: "reloadable-plugin/RecipeManagerContextImpl/"
[16:33:34] [main/TRACE] [REI] [REIPlugin END] Reloading Section: "reloadable-plugin/RecipeManagerContextImpl/DefaultPluginImpl of DefaultPluginImpl [roughlyenoughitems]/"
[16:33:34] [main/TRACE] [REI] [REIPlugin END] Reloading Section: "reloadable-plugin/RecipeManagerContextImpl/DefaultPluginImpl of DefaultPluginImpl [roughlyenoughitems]/" done in 9.418 μs
[16:33:34] [main/TRACE] [REI] [REIPlugin END] Reloading Section: "reloadable-plugin/RecipeManagerContextImpl/DefaultRuntimePlugin of DefaultRuntimePlugin [roughlyenoughitems]/"
[16:33:34] [main/TRACE] [REI] [REIPlugin END] Reloading Section: "reloadable-plugin/RecipeManagerContextImpl/DefaultRuntimePlugin of DefaultRuntimePlugin [roughlyenoughitems]/" done in 42.99 μs
[16:33:34] [main/TRACE] [REI] [REIPlugin END] Reloading Section: "reloadable-plugin/RecipeManagerContextImpl/ReiCompat of ReiCompat [travelersbackpack]/"
[16:33:34] [main/TRACE] [REI] [REIPlugin END] Reloading Section: "reloadable-plugin/RecipeManagerContextImpl/ReiCompat of ReiCompat [travelersbackpack]/" done in 15.33 μs
[16:33:34] [main/TRACE] [REI] [REIPlugin END] Reloading Section: "reloadable-plugin/RecipeManagerContextImpl/AdornReiServerForge of AdornReiServerForge [adorn]/"
[16:33:34] [main/TRACE] [REI] [REIPlugin END] Reloading Section: "reloadable-plugin/RecipeManagerContextImpl/AdornReiServerForge of AdornReiServerForge [adorn]/" done in 9.679 μs
[16:33:34] [main/TRACE] [REI] [REIPlugin END] Reloading Section: "reloadable-plugin/RecipeManagerContextImpl/" done in 1.016 ms
[16:33:34] [main/TRACE] [REI] [REIPlugin END] Reloading Section: "reloadable-plugin/ItemComparatorRegistryImpl/"
[16:33:34] [main/TRACE] [REI] [REIPlugin END] Reloading Section: "reloadable-plugin/ItemComparatorRegistryImpl/DefaultPluginImpl of DefaultPluginImpl [roughlyenoughitems]/"
[16:33:34] [main/TRACE] [REI] [REIPlugin END] Reloading Section: "reloadable-plugin/ItemComparatorRegistryImpl/DefaultPluginImpl of DefaultPluginImpl [roughlyenoughitems]/" done in 12.31 μs
[16:33:34] [main/TRACE] [REI] [REIPlugin END] Reloading Section: "reloadable-plugin/ItemComparatorRegistryImpl/DefaultRuntimePlugin of DefaultRuntimePlugin [roughlyenoughitems]/"
[16:33:34] [main/TRACE] [REI] [REIPlugin END] Reloading Section: "reloadable-plugin/ItemComparatorRegistryImpl/DefaultRuntimePlugin of DefaultRuntimePlugin [roughlyenoughitems]/" done in 11.11 μs
[16:33:34] [main/TRACE] [REI] [REIPlugin END] Reloading Section: "reloadable-plugin/ItemComparatorRegistryImpl/ReiCompat of ReiCompat [travelersbackpack]/"
[16:33:34] [main/TRACE] [REI] [REIPlugin END] Reloading Section: "reloadable-plugin/ItemComparatorRegistryImpl/ReiCompat of ReiCompat [travelersbackpack]/" done in 9.669 μs
[16:33:34] [main/TRACE] [REI] [REIPlugin END] Reloading Section: "reloadable-plugin/ItemComparatorRegistryImpl/AdornReiServerForge of AdornReiServerForge [adorn]/"
[16:33:34] [main/TRACE] [REI] [REIPlugin END] Reloading Section: "reloadable-plugin/ItemComparatorRegistryImpl/AdornReiServerForge of AdornReiServerForge [adorn]/" done in 9.258 μs
[16:33:34] [main/TRACE] [REI] [REIPlugin END] Reloading Section: "reloadable-plugin/ItemComparatorRegistryImpl/" done in 1.024 ms
[16:33:34] [main/TRACE] [REI] [REIPlugin END] Reloading Section: "reloadable-plugin/FluidComparatorRegistryImpl/"
[16:33:34] [main/TRACE] [REI] [REIPlugin END] Reloading Section: "reloadable-plugin/FluidComparatorRegistryImpl/DefaultPluginImpl of DefaultPluginImpl [roughlyenoughitems]/"
[16:33:34] [main/TRACE] [REI] [REIPlugin END] Reloading Section: "reloadable-plugin/FluidComparatorRegistryImpl/DefaultPluginImpl of DefaultPluginImpl [roughlyenoughitems]/" done in 9.718 μs
[16:33:34] [main/TRACE] [REI] [REIPlugin END] Reloading Section: "reloadable-plugin/FluidComparatorRegistryImpl/DefaultRuntimePlugin of DefaultRuntimePlugin [roughlyenoughitems]/"
[16:33:34] [main/TRACE] [REI] [REIPlugin END] Reloading Section: "reloadable-plugin/FluidComparatorRegistryImpl/DefaultRuntimePlugin of DefaultRuntimePlugin [roughlyenoughitems]/" done in 9.518 μs
[16:33:34] [main/TRACE] [REI] [REIPlugin END] Reloading Section: "reloadable-plugin/FluidComparatorRegistryImpl/ReiCompat of ReiCompat [travelersbackpack]/"
[16:33:34] [main/TRACE] [REI] [REIPlugin END] Reloading Section: "reloadable-plugin/FluidComparatorRegistryImpl/ReiCompat of ReiCompat [travelersbackpack]/" done in 20.63 μs
[16:33:34] [main/TRACE] [REI] [REIPlugin END] Reloading Section: "reloadable-plugin/FluidComparatorRegistryImpl/AdornReiServerForge of AdornReiServerForge [adorn]/"
[16:33:34] [main/TRACE] [REI] [REIPlugin END] Reloading Section: "reloadable-plugin/FluidComparatorRegistryImpl/AdornReiServerForge of AdornReiServerForge [adorn]/" done in 22.36 μs
[16:33:34] [main/TRACE] [REI] [REIPlugin END] Reloading Section: "reloadable-plugin/FluidComparatorRegistryImpl/" done in 1.165 ms
[16:33:34] [main/TRACE] [REI] [REIPlugin END] Reloading Section: "reloadable-plugin/DisplaySerializerRegistryImpl/"
[16:33:34] [main/TRACE] [REI] [REIPlugin END] Reloading Section: "reloadable-plugin/DisplaySerializerRegistryImpl/DefaultPluginImpl of DefaultPluginImpl [roughlyenoughitems]/"
[16:33:34] [main/TRACE] [REI] [REIPlugin END] Reloading Section: "reloadable-plugin/DisplaySerializerRegistryImpl/DefaultPluginImpl of DefaultPluginImpl [roughlyenoughitems]/" done in 40.97 ms
[16:33:34] [main/TRACE] [REI] [REIPlugin END] Reloading Section: "reloadable-plugin/DisplaySerializerRegistryImpl/DefaultRuntimePlugin of DefaultRuntimePlugin [roughlyenoughitems]/"
[16:33:34] [main/TRACE] [REI] [REIPlugin END] Reloading Section: "reloadable-plugin/DisplaySerializerRegistryImpl/DefaultRuntimePlugin of DefaultRuntimePlugin [roughlyenoughitems]/" done in 28.04 μs
[16:33:34] [main/TRACE] [REI] [REIPlugin END] Reloading Section: "reloadable-plugin/DisplaySerializerRegistryImpl/ReiCompat of ReiCompat [travelersbackpack]/"
[16:33:34] [main/TRACE] [REI] [REIPlugin END] Reloading Section: "reloadable-plugin/DisplaySerializerRegistryImpl/ReiCompat of ReiCompat [travelersbackpack]/" done in 14.90 μs
[16:33:34] [main/TRACE] [REI] [REIPlugin END] Reloading Section: "reloadable-plugin/DisplaySerializerRegistryImpl/AdornReiServerForge of AdornReiServerForge [adorn]/"
[16:33:34] [main/TRACE] [REI] [REIPlugin END] Reloading Section: "reloadable-plugin/DisplaySerializerRegistryImpl/AdornReiServerForge of AdornReiServerForge [adorn]/" done in 795.9 μs
[16:33:34] [main/TRACE] [REI] [REIPlugin END] Reloading Section: "reloadable-plugin/DisplaySerializerRegistryImpl/" done in 42.99 ms
[16:33:34] [main/TRACE] [REI] [REIPlugin END] Reloading Section: "reloadable-plugin/FluidSupportProviderImpl/"
[16:33:34] [main/TRACE] [REI] [REIPlugin END] Reloading Section: "reloadable-plugin/FluidSupportProviderImpl/DefaultPluginImpl of DefaultPluginImpl [roughlyenoughitems]/"
[16:33:34] [main/TRACE] [REI] [REIPlugin END] Reloading Section: "reloadable-plugin/FluidSupportProviderImpl/DefaultPluginImpl of DefaultPluginImpl [roughlyenoughitems]/" done in 18.70 μs
[16:33:34] [main/TRACE] [REI] [REIPlugin END] Reloading Section: "reloadable-plugin/FluidSupportProviderImpl/DefaultRuntimePlugin of DefaultRuntimePlugin [roughlyenoughitems]/"
[16:33:34] [main/TRACE] [REI] [REIPlugin END] Reloading Section: "reloadable-plugin/FluidSupportProviderImpl/DefaultRuntimePlugin of DefaultRuntimePlugin [roughlyenoughitems]/" done in 14.59 μs
[16:33:34] [main/TRACE] [REI] [REIPlugin END] Reloading Section: "reloadable-plugin/FluidSupportProviderImpl/ReiCompat of ReiCompat [travelersbackpack]/"
[16:33:34] [main/TRACE] [REI] [REIPlugin END] Reloading Section: "reloadable-plugin/FluidSupportProviderImpl/ReiCompat of ReiCompat [travelersbackpack]/" done in 13.33 μs
[16:33:34] [main/TRACE] [REI] [REIPlugin END] Reloading Section: "reloadable-plugin/FluidSupportProviderImpl/AdornReiServerForge of AdornReiServerForge [adorn]/"
[16:33:34] [main/TRACE] [REI] [REIPlugin END] Reloading Section: "reloadable-plugin/FluidSupportProviderImpl/AdornReiServerForge of AdornReiServerForge [adorn]/" done in 11.66 μs
[16:33:34] [main/TRACE] [REI] [REIPlugin END] Reloading Section: "reloadable-plugin/FluidSupportProviderImpl/" done in 1.086 ms
[16:33:34] [main/DEBUG] [REI] ========================================
[16:33:34] [main/DEBUG] [REI] REIPlugin ending main-reload for END.
[16:33:34] [main/DEBUG] [REI] ========================================
[16:33:34] [main/TRACE] [REI] [REIPlugin END] Reloading Section: "end-reload/"
[16:33:34] [main/TRACE] [REI] [REIPlugin END] Reloading Section: "end-reload/EntryTypeRegistryImpl/"
[16:33:34] [main/TRACE] [REI] [REIPlugin END] Reloading Section: "end-reload/EntryTypeRegistryImpl/" done in 6.242 μs
[16:33:34] [main/TRACE] [REI] [REIPlugin END] Reloading Section: "end-reload/EntrySettingsAdapterRegistryImpl/"
[16:33:34] [main/TRACE] [REI] [REIPlugin END] Reloading Section: "end-reload/EntrySettingsAdapterRegistryImpl/" done in 6.753 μs
[16:33:34] [main/TRACE] [REI] [REIPlugin END] Reloading Section: "end-reload/RecipeManagerContextImpl/"
[16:33:34] [main/TRACE] [REI] [REIPlugin END] Reloading Section: "end-reload/RecipeManagerContextImpl/" done in 4.689 μs
[16:33:34] [main/TRACE] [REI] [REIPlugin END] Reloading Section: "end-reload/ItemComparatorRegistryImpl/"
[16:33:34] [main/TRACE] [REI] [REIPlugin END] Reloading Section: "end-reload/ItemComparatorRegistryImpl/" done in 6.262 μs
[16:33:34] [main/TRACE] [REI] [REIPlugin END] Reloading Section: "end-reload/FluidComparatorRegistryImpl/"
[16:33:34] [main/TRACE] [REI] [REIPlugin END] Reloading Section: "end-reload/FluidComparatorRegistryImpl/" done in 4.418 μs
[16:33:34] [main/TRACE] [REI] [REIPlugin END] Reloading Section: "end-reload/DisplaySerializerRegistryImpl/"
[16:33:34] [main/TRACE] [REI] [REIPlugin END] Reloading Section: "end-reload/DisplaySerializerRegistryImpl/" done in 5.381 μs
[16:33:34] [main/TRACE] [REI] [REIPlugin END] Reloading Section: "end-reload/FluidSupportProviderImpl/"
[16:33:34] [main/TRACE] [REI] [REIPlugin END] Reloading Section: "end-reload/FluidSupportProviderImpl/" done in 5.561 μs
[16:33:34] [main/TRACE] [REI] [REIPlugin END] Reloading Section: "end-reload/" done in 1.489 ms
[16:33:34] [main/DEBUG] [REI] ========================================
[16:33:34] [main/DEBUG] [REI] REIPlugin ended main-reload for END in 60.68 ms.
[16:33:34] [main/DEBUG] [REI] ========================================
[16:33:34] [main/INFO] [REI] @@@@@@@@@@@@@@@@@@@@@@@@@@@@@@@@@@@@@@@@
[16:33:34] [main/INFO] [REI] REIServerPlugin starting main-reload for END.
[16:33:34] [main/DEBUG] [REI] Reloadables (2):
[16:33:34] [main/DEBUG] [REI]  - MenuInfoRegistryImpl
[16:33:34] [main/DEBUG] [REI]  - SlotAccessorRegistryImpl
[16:33:34] [main/INFO] [REI] Plugins (4):
[16:33:34] [main/INFO] [REI]  - (-100.00) DefaultPluginImpl of DefaultPluginImpl [roughlyenoughitems]
[16:33:34] [main/INFO] [REI]  - (0.00) ReiCompat of ReiCompat [travelersbackpack]
[16:33:34] [main/INFO] [REI]  - (0.00) AdornReiServerForge of AdornReiServerForge [adorn]
[16:33:34] [main/INFO] [REI]  - (0.00) DefaultRuntimePlugin of DefaultRuntimePlugin [roughlyenoughitems]
[16:33:34] [main/INFO] [REI] @@@@@@@@@@@@@@@@@@@@@@@@@@@@@@@@@@@@@@@@
[16:33:34] [main/TRACE] [REI] [REIServerPlugin END] Reloading Section: "start-reload/"
[16:33:34] [main/TRACE] [REI] [REIServerPlugin END] Reloading Section: "start-reload/MenuInfoRegistryImpl/"
[16:33:34] [main/TRACE] [REI] [REIServerPlugin END] Reloading Section: "start-reload/MenuInfoRegistryImpl/" done in 49.29 μs
[16:33:34] [main/TRACE] [REI] [REIServerPlugin END] Reloading Section: "start-reload/SlotAccessorRegistryImpl/"
[16:33:34] [main/TRACE] [REI] [REIServerPlugin END] Reloading Section: "start-reload/SlotAccessorRegistryImpl/" done in 24.21 μs
[16:33:34] [main/TRACE] [REI] [REIServerPlugin END] Reloading Section: "start-reload/" done in 752.0 μs
[16:33:34] [main/DEBUG] [REI] ========================================
[16:33:34] [main/DEBUG] [REI] REIServerPlugin started main-reload for END.
[16:33:34] [main/DEBUG] [REI] ========================================
[16:33:34] [main/TRACE] [REI] [REIServerPlugin END] Reloading Section: "reloadable-plugin/MenuInfoRegistryImpl/"
[16:33:34] [main/TRACE] [REI] [REIServerPlugin END] Reloading Section: "reloadable-plugin/MenuInfoRegistryImpl/DefaultPluginImpl of DefaultPluginImpl [roughlyenoughitems]/"
[16:33:34] [main/TRACE] [REI] [REIServerPlugin END] Reloading Section: "reloadable-plugin/MenuInfoRegistryImpl/DefaultPluginImpl of DefaultPluginImpl [roughlyenoughitems]/" done in 25.55 μs
[16:33:34] [main/TRACE] [REI] [REIServerPlugin END] Reloading Section: "reloadable-plugin/MenuInfoRegistryImpl/ReiCompat of ReiCompat [travelersbackpack]/"
[16:33:34] [main/DEBUG] [REI] Added menu info for class com.tiviacz.travelersbackpack.inventory.menu.TravelersBackpackBaseMenu [minecraft:plugins/crafting]: me.shedaniel.rei.api.common.transfer.info.simple.SimpleMenuInfoProvider$$Lambda/0x00007fa69a7be810@323899aa
[16:33:34] [main/TRACE] [REI] [REIServerPlugin END] Reloading Section: "reloadable-plugin/MenuInfoRegistryImpl/ReiCompat of ReiCompat [travelersbackpack]/" done in 8.202 ms
[16:33:34] [main/TRACE] [REI] [REIServerPlugin END] Reloading Section: "reloadable-plugin/MenuInfoRegistryImpl/AdornReiServerForge of AdornReiServerForge [adorn]/"
[16:33:34] [main/TRACE] [REI] [REIServerPlugin END] Reloading Section: "reloadable-plugin/MenuInfoRegistryImpl/AdornReiServerForge of AdornReiServerForge [adorn]/" done in 30.11 μs
[16:33:34] [main/TRACE] [REI] [REIServerPlugin END] Reloading Section: "reloadable-plugin/MenuInfoRegistryImpl/DefaultRuntimePlugin of DefaultRuntimePlugin [roughlyenoughitems]/"
[16:33:34] [main/TRACE] [REI] [REIServerPlugin END] Reloading Section: "reloadable-plugin/MenuInfoRegistryImpl/DefaultRuntimePlugin of DefaultRuntimePlugin [roughlyenoughitems]/" done in 26.87 μs
[16:33:34] [main/TRACE] [REI] [REIServerPlugin END] Reloading Section: "reloadable-plugin/MenuInfoRegistryImpl/" done in 9.398 ms
[16:33:34] [main/TRACE] [REI] [REIServerPlugin END] Reloading Section: "reloadable-plugin/SlotAccessorRegistryImpl/"
[16:33:34] [main/TRACE] [REI] [REIServerPlugin END] Reloading Section: "reloadable-plugin/SlotAccessorRegistryImpl/DefaultPluginImpl of DefaultPluginImpl [roughlyenoughitems]/"
[16:33:34] [main/TRACE] [REI] [REIServerPlugin END] Reloading Section: "reloadable-plugin/SlotAccessorRegistryImpl/DefaultPluginImpl of DefaultPluginImpl [roughlyenoughitems]/" done in 63.99 μs
[16:33:34] [main/TRACE] [REI] [REIServerPlugin END] Reloading Section: "reloadable-plugin/SlotAccessorRegistryImpl/ReiCompat of ReiCompat [travelersbackpack]/"
[16:33:34] [main/TRACE] [REI] [REIServerPlugin END] Reloading Section: "reloadable-plugin/SlotAccessorRegistryImpl/ReiCompat of ReiCompat [travelersbackpack]/" done in 15.45 μs
[16:33:34] [main/TRACE] [REI] [REIServerPlugin END] Reloading Section: "reloadable-plugin/SlotAccessorRegistryImpl/AdornReiServerForge of AdornReiServerForge [adorn]/"
[16:33:34] [main/TRACE] [REI] [REIServerPlugin END] Reloading Section: "reloadable-plugin/SlotAccessorRegistryImpl/AdornReiServerForge of AdornReiServerForge [adorn]/" done in 13.82 μs
[16:33:34] [main/TRACE] [REI] [REIServerPlugin END] Reloading Section: "reloadable-plugin/SlotAccessorRegistryImpl/DefaultRuntimePlugin of DefaultRuntimePlugin [roughlyenoughitems]/"
[16:33:34] [main/DEBUG] [REI] Added slot accessor serializer: me.shedaniel.rei.plugin.common.runtime.DefaultRuntimePlugin$1@72e66f94 [roughlyenoughitems:vanilla]
[16:33:34] [main/DEBUG] [REI] Added slot accessor serializer: me.shedaniel.rei.plugin.common.runtime.DefaultRuntimePlugin$2@48728b94 [roughlyenoughitems:player]
[16:33:34] [main/TRACE] [REI] [REIServerPlugin END] Reloading Section: "reloadable-plugin/SlotAccessorRegistryImpl/DefaultRuntimePlugin of DefaultRuntimePlugin [roughlyenoughitems]/" done in 3.958 ms
[16:33:34] [main/TRACE] [REI] [REIServerPlugin END] Reloading Section: "reloadable-plugin/SlotAccessorRegistryImpl/" done in 5.269 ms
[16:33:34] [main/DEBUG] [REI] ========================================
[16:33:34] [main/DEBUG] [REI] REIServerPlugin ending main-reload for END.
[16:33:34] [main/DEBUG] [REI] ========================================
[16:33:34] [main/TRACE] [REI] [REIServerPlugin END] Reloading Section: "end-reload/"
[16:33:34] [main/TRACE] [REI] [REIServerPlugin END] Reloading Section: "end-reload/MenuInfoRegistryImpl/"
[16:33:34] [main/DEBUG] [REI] Registered 1 menu infos
[16:33:34] [main/TRACE] [REI] [REIServerPlugin END] Reloading Section: "end-reload/MenuInfoRegistryImpl/" done in 309.3 μs
[16:33:34] [main/TRACE] [REI] [REIServerPlugin END] Reloading Section: "end-reload/SlotAccessorRegistryImpl/"
[16:33:34] [main/DEBUG] [REI] Registered 2 slot accessor serializers
[16:33:34] [main/TRACE] [REI] [REIServerPlugin END] Reloading Section: "end-reload/SlotAccessorRegistryImpl/" done in 259.4 μs
[16:33:34] [main/TRACE] [REI] [REIServerPlugin END] Reloading Section: "end-reload/" done in 1.092 ms
[16:33:34] [main/DEBUG] [REI] ========================================
[16:33:34] [main/DEBUG] [REI] REIServerPlugin ended main-reload for END in 22.79 ms.
[16:33:34] [main/DEBUG] [REI] ========================================
[16:33:34] [main/DEBUG] [REI] ========================================
[16:33:34] [main/DEBUG] [REI] REIPlugin starting post-reload for END.
[16:33:34] [main/DEBUG] [REI] Reloadables (7):
[16:33:34] [main/DEBUG] [REI]  - EntryTypeRegistryImpl
[16:33:34] [main/DEBUG] [REI]  - EntrySettingsAdapterRegistryImpl
[16:33:34] [main/DEBUG] [REI]  - RecipeManagerContextImpl
[16:33:34] [main/DEBUG] [REI]  - ItemComparatorRegistryImpl
[16:33:34] [main/DEBUG] [REI]  - FluidComparatorRegistryImpl
[16:33:34] [main/DEBUG] [REI]  - DisplaySerializerRegistryImpl
[16:33:34] [main/DEBUG] [REI]  - FluidSupportProviderImpl
[16:33:34] [main/DEBUG] [REI] Plugins (4):
[16:33:34] [main/DEBUG] [REI]  - (-100.00) DefaultPluginImpl of DefaultPluginImpl [roughlyenoughitems]
[16:33:34] [main/DEBUG] [REI]  - (0.00) DefaultRuntimePlugin of DefaultRuntimePlugin [roughlyenoughitems]
[16:33:34] [main/DEBUG] [REI]  - (0.00) ReiCompat of ReiCompat [travelersbackpack]
[16:33:34] [main/DEBUG] [REI]  - (0.00) AdornReiServerForge of AdornReiServerForge [adorn]
[16:33:34] [main/DEBUG] [REI] ========================================
[16:33:34] [main/TRACE] [REI] [REIPlugin END] Reloading Section: "post-register/"
[16:33:34] [main/TRACE] [REI] [REIPlugin END] Reloading Section: "post-register/DefaultPluginImpl of DefaultPluginImpl [roughlyenoughitems]/"
[16:33:34] [main/TRACE] [REI] [REIPlugin END] Reloading Section: "post-register/DefaultPluginImpl of DefaultPluginImpl [roughlyenoughitems]/" done in 15.18 μs
[16:33:34] [main/TRACE] [REI] [REIPlugin END] Reloading Section: "post-register/DefaultRuntimePlugin of DefaultRuntimePlugin [roughlyenoughitems]/"
[16:33:34] [main/TRACE] [REI] [REIPlugin END] Reloading Section: "post-register/DefaultRuntimePlugin of DefaultRuntimePlugin [roughlyenoughitems]/" done in 10.23 μs
[16:33:34] [main/TRACE] [REI] [REIPlugin END] Reloading Section: "post-register/ReiCompat of ReiCompat [travelersbackpack]/"
[16:33:34] [main/TRACE] [REI] [REIPlugin END] Reloading Section: "post-register/ReiCompat of ReiCompat [travelersbackpack]/" done in 19.87 μs
[16:33:34] [main/TRACE] [REI] [REIPlugin END] Reloading Section: "post-register/AdornReiServerForge of AdornReiServerForge [adorn]/"
[16:33:34] [main/TRACE] [REI] [REIPlugin END] Reloading Section: "post-register/AdornReiServerForge of AdornReiServerForge [adorn]/" done in 6.632 μs
[16:33:34] [main/TRACE] [REI] [REIPlugin END] Reloading Section: "post-register/" done in 943.3 μs
[16:33:34] [main/TRACE] [REI] [REIPlugin END] Reloading Section: "post-stage/"
[16:33:34] [main/TRACE] [REI] [REIPlugin END] Reloading Section: "post-stage/EntryTypeRegistryImpl/"
[16:33:34] [main/TRACE] [REI] [REIPlugin END] Reloading Section: "post-stage/EntryTypeRegistryImpl/" done in 6.353 μs
[16:33:34] [main/TRACE] [REI] [REIPlugin END] Reloading Section: "post-stage/EntrySettingsAdapterRegistryImpl/"
[16:33:34] [main/TRACE] [REI] [REIPlugin END] Reloading Section: "post-stage/EntrySettingsAdapterRegistryImpl/" done in 5.921 μs
[16:33:34] [main/TRACE] [REI] [REIPlugin END] Reloading Section: "post-stage/RecipeManagerContextImpl/"
[16:33:34] [main/TRACE] [REI] [REIPlugin END] Reloading Section: "post-stage/RecipeManagerContextImpl/" done in 6.883 μs
[16:33:34] [main/TRACE] [REI] [REIPlugin END] Reloading Section: "post-stage/ItemComparatorRegistryImpl/"
[16:33:34] [main/TRACE] [REI] [REIPlugin END] Reloading Section: "post-stage/ItemComparatorRegistryImpl/" done in 5.701 μs
[16:33:34] [main/TRACE] [REI] [REIPlugin END] Reloading Section: "post-stage/FluidComparatorRegistryImpl/"
[16:33:34] [main/TRACE] [REI] [REIPlugin END] Reloading Section: "post-stage/FluidComparatorRegistryImpl/" done in 5.571 μs
[16:33:34] [main/TRACE] [REI] [REIPlugin END] Reloading Section: "post-stage/DisplaySerializerRegistryImpl/"
[16:33:34] [main/TRACE] [REI] [REIPlugin END] Reloading Section: "post-stage/DisplaySerializerRegistryImpl/" done in 5.551 μs
[16:33:34] [main/TRACE] [REI] [REIPlugin END] Reloading Section: "post-stage/FluidSupportProviderImpl/"
[16:33:34] [main/TRACE] [REI] [REIPlugin END] Reloading Section: "post-stage/FluidSupportProviderImpl/" done in 5.361 μs
[16:33:34] [main/TRACE] [REI] [REIPlugin END] Reloading Section: "post-stage/" done in 1.763 ms
[16:33:34] [main/DEBUG] [REI] ========================================
[16:33:34] [main/INFO] [REI] REIPlugin finished post-reload for END in 3.130 ms, totaling 66.76 ms.
[16:33:34] [main/DEBUG] [REI] ========================================
[16:33:34] [main/DEBUG] [REI] ========================================
[16:33:34] [main/DEBUG] [REI] REIServerPlugin starting post-reload for END.
[16:33:34] [main/DEBUG] [REI] Reloadables (2):
[16:33:34] [main/DEBUG] [REI]  - MenuInfoRegistryImpl
[16:33:34] [main/DEBUG] [REI]  - SlotAccessorRegistryImpl
[16:33:34] [main/DEBUG] [REI] Plugins (4):
[16:33:34] [main/DEBUG] [REI]  - (-100.00) DefaultPluginImpl of DefaultPluginImpl [roughlyenoughitems]
[16:33:34] [main/DEBUG] [REI]  - (0.00) ReiCompat of ReiCompat [travelersbackpack]
[16:33:34] [main/DEBUG] [REI]  - (0.00) AdornReiServerForge of AdornReiServerForge [adorn]
[16:33:34] [main/DEBUG] [REI]  - (0.00) DefaultRuntimePlugin of DefaultRuntimePlugin [roughlyenoughitems]
[16:33:34] [main/DEBUG] [REI] ========================================
[16:33:34] [main/TRACE] [REI] [REIServerPlugin END] Reloading Section: "post-register/"
[16:33:34] [main/TRACE] [REI] [REIServerPlugin END] Reloading Section: "post-register/DefaultPluginImpl of DefaultPluginImpl [roughlyenoughitems]/"
[16:33:34] [main/TRACE] [REI] [REIServerPlugin END] Reloading Section: "post-register/DefaultPluginImpl of DefaultPluginImpl [roughlyenoughitems]/" done in 15.83 μs
[16:33:34] [main/TRACE] [REI] [REIServerPlugin END] Reloading Section: "post-register/ReiCompat of ReiCompat [travelersbackpack]/"
[16:33:34] [main/TRACE] [REI] [REIServerPlugin END] Reloading Section: "post-register/ReiCompat of ReiCompat [travelersbackpack]/" done in 10.88 μs
[16:33:34] [main/TRACE] [REI] [REIServerPlugin END] Reloading Section: "post-register/AdornReiServerForge of AdornReiServerForge [adorn]/"
[16:33:34] [main/TRACE] [REI] [REIServerPlugin END] Reloading Section: "post-register/AdornReiServerForge of AdornReiServerForge [adorn]/" done in 10.37 μs
[16:33:34] [main/TRACE] [REI] [REIServerPlugin END] Reloading Section: "post-register/DefaultRuntimePlugin of DefaultRuntimePlugin [roughlyenoughitems]/"
[16:33:34] [main/TRACE] [REI] [REIServerPlugin END] Reloading Section: "post-register/DefaultRuntimePlugin of DefaultRuntimePlugin [roughlyenoughitems]/" done in 8.987 μs
[16:33:34] [main/TRACE] [REI] [REIServerPlugin END] Reloading Section: "post-register/" done in 1.114 ms
[16:33:34] [main/TRACE] [REI] [REIServerPlugin END] Reloading Section: "post-stage/"
[16:33:34] [main/TRACE] [REI] [REIServerPlugin END] Reloading Section: "post-stage/MenuInfoRegistryImpl/"
[16:33:34] [main/TRACE] [REI] [REIServerPlugin END] Reloading Section: "post-stage/MenuInfoRegistryImpl/" done in 8.245 μs
[16:33:34] [main/TRACE] [REI] [REIServerPlugin END] Reloading Section: "post-stage/SlotAccessorRegistryImpl/"
[16:33:34] [main/TRACE] [REI] [REIServerPlugin END] Reloading Section: "post-stage/SlotAccessorRegistryImpl/" done in 6.262 μs
[16:33:34] [main/TRACE] [REI] [REIServerPlugin END] Reloading Section: "post-stage/" done in 530.9 μs
[16:33:34] [main/DEBUG] [REI] ========================================
[16:33:34] [main/INFO] [REI] REIServerPlugin finished post-reload for END in 2.084 ms, totaling 26.83 ms.
[16:33:34] [main/DEBUG] [REI] ========================================
